#-----------------------------------------------------------
# Vivado v2018.2 (64-bit)
# SW Build 2258646 on Thu Jun 14 20:02:38 MDT 2018
# IP Build 2256618 on Thu Jun 14 22:10:49 MDT 2018
# Start of session at: Wed Oct 13 22:44:57 2021
# Process ID: 22603
# Current directory: /nfs/home/n/n_kawwas/COEN316/lab1
# Command line: vivado -log alu.log -mode batch -source alu.tcl
# Log file: /nfs/home/n/n_kawwas/COEN316/lab1/alu.log
# Journal file: /nfs/home/n/n_kawwas/COEN316/lab1/vivado.jou
#-----------------------------------------------------------
source alu.tcl
# read_vhdl { ./alu_board.vhd}
# read_vhdl { ./alu_comp.vhd }
# read_xdc alu.xdc
# synth_design -top alu -part xc7a100tcsg324-1
Command: synth_design -top alu -part xc7a100tcsg324-1
Starting synth_design
Attempting to get a license for feature 'Synthesis' and/or device 'xc7a100t'
INFO: [Common 17-349] Got license for feature 'Synthesis' and/or device 'xc7a100t'
INFO: Launching helper process for spawning children vivado processes
INFO: Helper process launched with PID 22692 
---------------------------------------------------------------------------------
Starting RTL Elaboration : Time (s): cpu = 00:00:02 ; elapsed = 00:00:06 . Memory (MB): peak = 1467.582 ; gain = 86.727 ; free physical = 101268 ; free virtual = 154466
---------------------------------------------------------------------------------
INFO: [Synth 8-638] synthesizing module 'alu' [/nfs/home/n/n_kawwas/COEN316/lab1/alu_board.vhd:19]
INFO: [Synth 8-3491] module 'alu_module' declared at '/nfs/home/n/n_kawwas/COEN316/lab1/alu_comp.vhd:9' bound to instance 'alu_comp' of component 'alu_module' [/nfs/home/n/n_kawwas/COEN316/lab1/alu_board.vhd:46]
INFO: [Synth 8-638] synthesizing module 'alu_module' [/nfs/home/n/n_kawwas/COEN316/lab1/alu_comp.vhd:19]
INFO: [Synth 8-256] done synthesizing module 'alu_module' (1#1) [/nfs/home/n/n_kawwas/COEN316/lab1/alu_comp.vhd:19]
INFO: [Synth 8-256] done synthesizing module 'alu' (2#1) [/nfs/home/n/n_kawwas/COEN316/lab1/alu_board.vhd:19]
---------------------------------------------------------------------------------
Finished RTL Elaboration : Time (s): cpu = 00:00:03 ; elapsed = 00:00:08 . Memory (MB): peak = 1511.223 ; gain = 130.367 ; free physical = 101281 ; free virtual = 154478
---------------------------------------------------------------------------------

Report Check Netlist: 
+------+------------------+-------+---------+-------+------------------+
|      |Item              |Errors |Warnings |Status |Description       |
+------+------------------+-------+---------+-------+------------------+
|1     |multi_driven_nets |      0|        0|Passed |Multi driven nets |
+------+------------------+-------+---------+-------+------------------+
---------------------------------------------------------------------------------
Start Handling Custom Attributes
---------------------------------------------------------------------------------
---------------------------------------------------------------------------------
Finished Handling Custom Attributes : Time (s): cpu = 00:00:04 ; elapsed = 00:00:09 . Memory (MB): peak = 1511.223 ; gain = 130.367 ; free physical = 101280 ; free virtual = 154478
---------------------------------------------------------------------------------
---------------------------------------------------------------------------------
Finished RTL Optimization Phase 1 : Time (s): cpu = 00:00:04 ; elapsed = 00:00:09 . Memory (MB): peak = 1511.223 ; gain = 130.367 ; free physical = 101280 ; free virtual = 154478
---------------------------------------------------------------------------------
INFO: [Device 21-403] Loading part xc7a100tcsg324-1
INFO: [Project 1-570] Preparing netlist for logic optimization

Processing XDC Constraints
Initializing timing engine
Parsing XDC File [/nfs/home/n/n_kawwas/COEN316/lab1/alu.xdc]
Finished Parsing XDC File [/nfs/home/n/n_kawwas/COEN316/lab1/alu.xdc]
INFO: [Project 1-236] Implementation specific constraints were found while reading constraint file [/nfs/home/n/n_kawwas/COEN316/lab1/alu.xdc]. These constraints will be ignored for synthesis but will be used in implementation. Impacted constraints are listed in the file [.Xil/alu_propImpl.xdc].
Resolution: To avoid this warning, move constraints listed in [.Xil/alu_propImpl.xdc] to another XDC file and exclude this new file from synthesis with the used_in_synthesis property (File Properties dialog in GUI) and re-run elaboration/synthesis.
Completed Processing XDC Constraints

INFO: [Project 1-111] Unisim Transformation Summary:
No Unisim elements were transformed.

Constraint Validation Runtime : Time (s): cpu = 00:00:00 ; elapsed = 00:00:00 . Memory (MB): peak = 1870.672 ; gain = 0.000 ; free physical = 100943 ; free virtual = 154141
---------------------------------------------------------------------------------
Finished Constraint Validation : Time (s): cpu = 00:00:19 ; elapsed = 00:01:32 . Memory (MB): peak = 1870.672 ; gain = 489.816 ; free physical = 101093 ; free virtual = 154290
---------------------------------------------------------------------------------
---------------------------------------------------------------------------------
Start Loading Part and Timing Information
---------------------------------------------------------------------------------
Loading part: xc7a100tcsg324-1
---------------------------------------------------------------------------------
Finished Loading Part and Timing Information : Time (s): cpu = 00:00:19 ; elapsed = 00:01:32 . Memory (MB): peak = 1870.672 ; gain = 489.816 ; free physical = 101093 ; free virtual = 154290
---------------------------------------------------------------------------------
---------------------------------------------------------------------------------
Start Applying 'set_property' XDC Constraints
---------------------------------------------------------------------------------
---------------------------------------------------------------------------------
Finished applying 'set_property' XDC Constraints : Time (s): cpu = 00:00:19 ; elapsed = 00:01:32 . Memory (MB): peak = 1870.672 ; gain = 489.816 ; free physical = 101094 ; free virtual = 154291
---------------------------------------------------------------------------------
INFO: [Synth 8-5818] HDL ADVISOR - The operator resource <adder> is shared. To prevent sharing consider applying a KEEP on the output of the operator [/nfs/home/n/n_kawwas/COEN316/lab1/alu_comp.vhd:30]
---------------------------------------------------------------------------------
Finished RTL Optimization Phase 2 : Time (s): cpu = 00:00:20 ; elapsed = 00:01:33 . Memory (MB): peak = 1870.672 ; gain = 489.816 ; free physical = 101085 ; free virtual = 154283
---------------------------------------------------------------------------------

Report RTL Partitions: 
+-+--------------+------------+----------+
| |RTL Partition |Replication |Instances |
+-+--------------+------------+----------+
+-+--------------+------------+----------+
---------------------------------------------------------------------------------
Start RTL Component Statistics 
---------------------------------------------------------------------------------
Detailed RTL Component Info : 
+---Adders : 
	   3 Input     32 Bit       Adders := 1     
+---XORs : 
	   2 Input     32 Bit         XORs := 1     
+---Muxes : 
	   2 Input     32 Bit        Muxes := 1     
	   2 Input      1 Bit        Muxes := 3     
---------------------------------------------------------------------------------
Finished RTL Component Statistics 
---------------------------------------------------------------------------------
---------------------------------------------------------------------------------
Start RTL Hierarchical Component Statistics 
---------------------------------------------------------------------------------
Hierarchical RTL Component report 
Module alu_module 
Detailed RTL Component Info : 
+---Adders : 
	   3 Input     32 Bit       Adders := 1     
+---XORs : 
	   2 Input     32 Bit         XORs := 1     
+---Muxes : 
	   2 Input     32 Bit        Muxes := 1     
	   2 Input      1 Bit        Muxes := 3     
---------------------------------------------------------------------------------
Finished RTL Hierarchical Component Statistics
---------------------------------------------------------------------------------
---------------------------------------------------------------------------------
Start Part Resource Summary
---------------------------------------------------------------------------------
Part Resources:
DSPs: 240 (col length:80)
BRAMs: 270 (col length: RAMB18 80 RAMB36 40)
---------------------------------------------------------------------------------
Finished Part Resource Summary
---------------------------------------------------------------------------------
---------------------------------------------------------------------------------
Start Cross Boundary and Area Optimization
---------------------------------------------------------------------------------
Warning: Parallel synthesis criteria is not met 
---------------------------------------------------------------------------------
Finished Cross Boundary and Area Optimization : Time (s): cpu = 00:00:20 ; elapsed = 00:01:33 . Memory (MB): peak = 1870.672 ; gain = 489.816 ; free physical = 101066 ; free virtual = 154265
---------------------------------------------------------------------------------

Report RTL Partitions: 
+-+--------------+------------+----------+
| |RTL Partition |Replication |Instances |
+-+--------------+------------+----------+
+-+--------------+------------+----------+
---------------------------------------------------------------------------------
Start Applying XDC Timing Constraints
---------------------------------------------------------------------------------
---------------------------------------------------------------------------------
Finished Applying XDC Timing Constraints : Time (s): cpu = 00:00:29 ; elapsed = 00:01:58 . Memory (MB): peak = 1870.672 ; gain = 489.816 ; free physical = 100945 ; free virtual = 154144
---------------------------------------------------------------------------------
---------------------------------------------------------------------------------
Start Timing Optimization
---------------------------------------------------------------------------------
---------------------------------------------------------------------------------
Finished Timing Optimization : Time (s): cpu = 00:00:29 ; elapsed = 00:01:58 . Memory (MB): peak = 1870.672 ; gain = 489.816 ; free physical = 100945 ; free virtual = 154144
---------------------------------------------------------------------------------

Report RTL Partitions: 
+-+--------------+------------+----------+
| |RTL Partition |Replication |Instances |
+-+--------------+------------+----------+
+-+--------------+------------+----------+
---------------------------------------------------------------------------------
Start Technology Mapping
---------------------------------------------------------------------------------
---------------------------------------------------------------------------------
Finished Technology Mapping : Time (s): cpu = 00:00:29 ; elapsed = 00:01:58 . Memory (MB): peak = 1870.672 ; gain = 489.816 ; free physical = 100945 ; free virtual = 154144
---------------------------------------------------------------------------------

Report RTL Partitions: 
+-+--------------+------------+----------+
| |RTL Partition |Replication |Instances |
+-+--------------+------------+----------+
+-+--------------+------------+----------+
---------------------------------------------------------------------------------
Start IO Insertion
---------------------------------------------------------------------------------
---------------------------------------------------------------------------------
Start Flattening Before IO Insertion
---------------------------------------------------------------------------------
---------------------------------------------------------------------------------
Finished Flattening Before IO Insertion
---------------------------------------------------------------------------------
---------------------------------------------------------------------------------
Start Final Netlist Cleanup
---------------------------------------------------------------------------------
---------------------------------------------------------------------------------
Finished Final Netlist Cleanup
---------------------------------------------------------------------------------
---------------------------------------------------------------------------------
Finished IO Insertion : Time (s): cpu = 00:00:30 ; elapsed = 00:01:59 . Memory (MB): peak = 1870.672 ; gain = 489.816 ; free physical = 100943 ; free virtual = 154143
---------------------------------------------------------------------------------

Report Check Netlist: 
+------+------------------+-------+---------+-------+------------------+
|      |Item              |Errors |Warnings |Status |Description       |
+------+------------------+-------+---------+-------+------------------+
|1     |multi_driven_nets |      0|        0|Passed |Multi driven nets |
+------+------------------+-------+---------+-------+------------------+
---------------------------------------------------------------------------------
Start Renaming Generated Instances
---------------------------------------------------------------------------------
---------------------------------------------------------------------------------
Finished Renaming Generated Instances : Time (s): cpu = 00:00:30 ; elapsed = 00:01:59 . Memory (MB): peak = 1870.672 ; gain = 489.816 ; free physical = 100943 ; free virtual = 154143
---------------------------------------------------------------------------------

Report RTL Partitions: 
+-+--------------+------------+----------+
| |RTL Partition |Replication |Instances |
+-+--------------+------------+----------+
+-+--------------+------------+----------+
---------------------------------------------------------------------------------
Start Rebuilding User Hierarchy
---------------------------------------------------------------------------------
---------------------------------------------------------------------------------
Finished Rebuilding User Hierarchy : Time (s): cpu = 00:00:30 ; elapsed = 00:01:59 . Memory (MB): peak = 1870.672 ; gain = 489.816 ; free physical = 100943 ; free virtual = 154143
---------------------------------------------------------------------------------
---------------------------------------------------------------------------------
Start Renaming Generated Ports
---------------------------------------------------------------------------------
---------------------------------------------------------------------------------
Finished Renaming Generated Ports : Time (s): cpu = 00:00:30 ; elapsed = 00:01:59 . Memory (MB): peak = 1870.672 ; gain = 489.816 ; free physical = 100943 ; free virtual = 154143
---------------------------------------------------------------------------------
---------------------------------------------------------------------------------
Start Handling Custom Attributes
---------------------------------------------------------------------------------
---------------------------------------------------------------------------------
Finished Handling Custom Attributes : Time (s): cpu = 00:00:30 ; elapsed = 00:01:59 . Memory (MB): peak = 1870.672 ; gain = 489.816 ; free physical = 100943 ; free virtual = 154143
---------------------------------------------------------------------------------
---------------------------------------------------------------------------------
Start Renaming Generated Nets
---------------------------------------------------------------------------------
---------------------------------------------------------------------------------
Finished Renaming Generated Nets : Time (s): cpu = 00:00:30 ; elapsed = 00:01:59 . Memory (MB): peak = 1870.672 ; gain = 489.816 ; free physical = 100943 ; free virtual = 154143
---------------------------------------------------------------------------------
---------------------------------------------------------------------------------
Start Writing Synthesis Report
---------------------------------------------------------------------------------

Report BlackBoxes: 
+-+--------------+----------+
| |BlackBox name |Instances |
+-+--------------+----------+
+-+--------------+----------+

Report Cell Usage: 
+------+-----+------+
|      |Cell |Count |
+------+-----+------+
|1     |LUT4 |     2|
|2     |LUT5 |     3|
|3     |LUT6 |    15|
|4     |IBUF |    13|
|5     |OBUF |     6|
+------+-----+------+

Report Instance Areas: 
+------+---------+-------+------+
|      |Instance |Module |Cells |
+------+---------+-------+------+
|1     |top      |       |    39|
+------+---------+-------+------+
---------------------------------------------------------------------------------
Finished Writing Synthesis Report : Time (s): cpu = 00:00:30 ; elapsed = 00:01:59 . Memory (MB): peak = 1870.672 ; gain = 489.816 ; free physical = 100944 ; free virtual = 154143
---------------------------------------------------------------------------------
Synthesis finished with 0 errors, 0 critical warnings and 0 warnings.
Synthesis Optimization Runtime : Time (s): cpu = 00:00:17 ; elapsed = 00:00:41 . Memory (MB): peak = 1870.672 ; gain = 130.367 ; free physical = 100997 ; free virtual = 154197
Synthesis Optimization Complete : Time (s): cpu = 00:00:30 ; elapsed = 00:01:59 . Memory (MB): peak = 1870.672 ; gain = 489.816 ; free physical = 101008 ; free virtual = 154207
INFO: [Project 1-571] Translating synthesized netlist
INFO: [Netlist 29-17] Analyzing 13 Unisim elements for replacement
INFO: [Netlist 29-28] Unisim Transformation completed in 0 CPU seconds
INFO: [Project 1-570] Preparing netlist for logic optimization
Parsing XDC File [/nfs/home/n/n_kawwas/COEN316/lab1/alu.xdc]
Finished Parsing XDC File [/nfs/home/n/n_kawwas/COEN316/lab1/alu.xdc]
INFO: [Opt 31-138] Pushed 0 inverter(s) to 0 load pin(s).
INFO: [Project 1-111] Unisim Transformation Summary:
No Unisim elements were transformed.

INFO: [Common 17-83] Releasing license: Synthesis
18 Infos, 0 Warnings, 0 Critical Warnings and 0 Errors encountered.
synth_design completed successfully
synth_design: Time (s): cpu = 00:00:32 ; elapsed = 00:02:01 . Memory (MB): peak = 1908.316 ; gain = 540.188 ; free physical = 100992 ; free virtual = 154191
# opt_design
Command: opt_design
Attempting to get a license for feature 'Implementation' and/or device 'xc7a100t'
INFO: [Common 17-349] Got license for feature 'Implementation' and/or device 'xc7a100t'
Running DRC as a precondition to command opt_design

Starting DRC Task
INFO: [DRC 23-27] Running DRC with 8 threads
INFO: [Project 1-461] DRC finished with 0 Errors
INFO: [Project 1-462] Please refer to the DRC report (report_drc) for more information.

Time (s): cpu = 00:00:02 ; elapsed = 00:00:06 . Memory (MB): peak = 1972.348 ; gain = 64.031 ; free physical = 100985 ; free virtual = 154184

Starting Cache Timing Information Task
INFO: [Timing 38-35] Done setting XDC timing constraints.
Ending Cache Timing Information Task | Checksum: 20e35aa62

Time (s): cpu = 00:00:11 ; elapsed = 00:01:12 . Memory (MB): peak = 2289.520 ; gain = 317.172 ; free physical = 100666 ; free virtual = 153865

Starting Logic Optimization Task

Phase 1 Retarget
INFO: [Opt 31-138] Pushed 0 inverter(s) to 0 load pin(s).
INFO: [Opt 31-49] Retargeted 0 cell(s).
Phase 1 Retarget | Checksum: 20e35aa62

Time (s): cpu = 00:00:00.02 ; elapsed = 00:00:00.03 . Memory (MB): peak = 2289.520 ; gain = 0.000 ; free physical = 100683 ; free virtual = 153882
INFO: [Opt 31-389] Phase Retarget created 0 cells and removed 0 cells

Phase 2 Constant propagation
INFO: [Opt 31-138] Pushed 0 inverter(s) to 0 load pin(s).
Phase 2 Constant propagation | Checksum: 20e35aa62

Time (s): cpu = 00:00:00.02 ; elapsed = 00:00:00.03 . Memory (MB): peak = 2289.520 ; gain = 0.000 ; free physical = 100683 ; free virtual = 153882
INFO: [Opt 31-389] Phase Constant propagation created 0 cells and removed 0 cells

Phase 3 Sweep
Phase 3 Sweep | Checksum: 20e35aa62

Time (s): cpu = 00:00:00.02 ; elapsed = 00:00:00.03 . Memory (MB): peak = 2289.520 ; gain = 0.000 ; free physical = 100683 ; free virtual = 153882
INFO: [Opt 31-389] Phase Sweep created 0 cells and removed 0 cells

Phase 4 BUFG optimization
Phase 4 BUFG optimization | Checksum: 20e35aa62

Time (s): cpu = 00:00:00.02 ; elapsed = 00:00:00.03 . Memory (MB): peak = 2289.520 ; gain = 0.000 ; free physical = 100683 ; free virtual = 153882
INFO: [Opt 31-662] Phase BUFG optimization created 0 cells of which 0 are BUFGs and removed 0 cells.

Phase 5 Shift Register Optimization
Phase 5 Shift Register Optimization | Checksum: 20e35aa62

Time (s): cpu = 00:00:00.02 ; elapsed = 00:00:00.04 . Memory (MB): peak = 2289.520 ; gain = 0.000 ; free physical = 100683 ; free virtual = 153882
INFO: [Opt 31-389] Phase Shift Register Optimization created 0 cells and removed 0 cells

Phase 6 Post Processing Netlist
Phase 6 Post Processing Netlist | Checksum: 20e35aa62

Time (s): cpu = 00:00:00.03 ; elapsed = 00:00:00.04 . Memory (MB): peak = 2289.520 ; gain = 0.000 ; free physical = 100683 ; free virtual = 153882
INFO: [Opt 31-389] Phase Post Processing Netlist created 0 cells and removed 0 cells

Starting Connectivity Check Task

Time (s): cpu = 00:00:00 ; elapsed = 00:00:00 . Memory (MB): peak = 2289.520 ; gain = 0.000 ; free physical = 100683 ; free virtual = 153882
Ending Logic Optimization Task | Checksum: 20e35aa62

Time (s): cpu = 00:00:00.03 ; elapsed = 00:00:00.04 . Memory (MB): peak = 2289.520 ; gain = 0.000 ; free physical = 100683 ; free virtual = 153882

Starting Power Optimization Task
INFO: [Pwropt 34-132] Skipping clock gating for clocks with a period < 2.00 ns.
Ending Power Optimization Task | Checksum: 20e35aa62

Time (s): cpu = 00:00:00.02 ; elapsed = 00:00:00.06 . Memory (MB): peak = 2289.520 ; gain = 0.000 ; free physical = 100683 ; free virtual = 153882

Starting Final Cleanup Task
Ending Final Cleanup Task | Checksum: 20e35aa62

Time (s): cpu = 00:00:00 ; elapsed = 00:00:00 . Memory (MB): peak = 2289.520 ; gain = 0.000 ; free physical = 100683 ; free virtual = 153882
INFO: [Common 17-83] Releasing license: Implementation
16 Infos, 0 Warnings, 0 Critical Warnings and 0 Errors encountered.
opt_design completed successfully
opt_design: Time (s): cpu = 00:00:13 ; elapsed = 00:01:18 . Memory (MB): peak = 2289.520 ; gain = 381.203 ; free physical = 100683 ; free virtual = 153882
# place_design
Command: place_design
Attempting to get a license for feature 'Implementation' and/or device 'xc7a100t'
INFO: [Common 17-349] Got license for feature 'Implementation' and/or device 'xc7a100t'
INFO: [DRC 23-27] Running DRC with 8 threads
INFO: [Vivado_Tcl 4-198] DRC finished with 0 Errors
INFO: [Vivado_Tcl 4-199] Please refer to the DRC report (report_drc) for more information.
Running DRC as a precondition to command place_design
INFO: [DRC 23-27] Running DRC with 8 threads
INFO: [Vivado_Tcl 4-198] DRC finished with 0 Errors
INFO: [Vivado_Tcl 4-199] Please refer to the DRC report (report_drc) for more information.

Starting Placer Task
INFO: [Place 30-611] Multithreading enabled for place_design using a maximum of 8 CPUs

Phase 1 Placer Initialization

Phase 1.1 Placer Initialization Netlist Sorting
Netlist sorting complete. Time (s): cpu = 00:00:00 ; elapsed = 00:00:00.01 . Memory (MB): peak = 2353.551 ; gain = 0.000 ; free physical = 100673 ; free virtual = 153873
Phase 1.1 Placer Initialization Netlist Sorting | Checksum: 11c942b94

Time (s): cpu = 00:00:00.02 ; elapsed = 00:00:00.03 . Memory (MB): peak = 2353.551 ; gain = 0.000 ; free physical = 100673 ; free virtual = 153873
Netlist sorting complete. Time (s): cpu = 00:00:00 ; elapsed = 00:00:00 . Memory (MB): peak = 2353.551 ; gain = 0.000 ; free physical = 100673 ; free virtual = 153873

Phase 1.2 IO Placement/ Clock Placement/ Build Placer Device
INFO: [Timing 38-35] Done setting XDC timing constraints.
Phase 1.2 IO Placement/ Clock Placement/ Build Placer Device | Checksum: 11c942b94

Time (s): cpu = 00:00:00.74 ; elapsed = 00:00:00.68 . Memory (MB): peak = 2353.551 ; gain = 0.000 ; free physical = 100672 ; free virtual = 153871

Phase 1.3 Build Placer Netlist Model
Phase 1.3 Build Placer Netlist Model | Checksum: 1896bc92d

Time (s): cpu = 00:00:00.80 ; elapsed = 00:00:00.72 . Memory (MB): peak = 2353.551 ; gain = 0.000 ; free physical = 100672 ; free virtual = 153871

Phase 1.4 Constrain Clocks/Macros
Phase 1.4 Constrain Clocks/Macros | Checksum: 1896bc92d

Time (s): cpu = 00:00:00.80 ; elapsed = 00:00:00.73 . Memory (MB): peak = 2353.551 ; gain = 0.000 ; free physical = 100672 ; free virtual = 153871
Phase 1 Placer Initialization | Checksum: 1896bc92d

Time (s): cpu = 00:00:00.80 ; elapsed = 00:00:00.73 . Memory (MB): peak = 2353.551 ; gain = 0.000 ; free physical = 100672 ; free virtual = 153871

Phase 2 Global Placement

Phase 2.1 Floorplanning
Phase 2.1 Floorplanning | Checksum: 1896bc92d

Time (s): cpu = 00:00:00.84 ; elapsed = 00:00:00.76 . Memory (MB): peak = 2353.551 ; gain = 0.000 ; free physical = 100671 ; free virtual = 153870
WARNING: [Place 46-29] place_design is not in timing mode. Skip physical synthesis in placer
Phase 2 Global Placement | Checksum: 1be99ade6

Time (s): cpu = 00:00:06 ; elapsed = 00:00:02 . Memory (MB): peak = 2449.594 ; gain = 96.043 ; free physical = 100637 ; free virtual = 153836

Phase 3 Detail Placement

Phase 3.1 Commit Multi Column Macros
Phase 3.1 Commit Multi Column Macros | Checksum: 1be99ade6

Time (s): cpu = 00:00:06 ; elapsed = 00:00:02 . Memory (MB): peak = 2449.594 ; gain = 96.043 ; free physical = 100637 ; free virtual = 153836

Phase 3.2 Commit Most Macros & LUTRAMs
Phase 3.2 Commit Most Macros & LUTRAMs | Checksum: 150f169e7

Time (s): cpu = 00:00:06 ; elapsed = 00:00:02 . Memory (MB): peak = 2449.594 ; gain = 96.043 ; free physical = 100636 ; free virtual = 153836

Phase 3.3 Area Swap Optimization
Phase 3.3 Area Swap Optimization | Checksum: 17a56afc0

Time (s): cpu = 00:00:06 ; elapsed = 00:00:02 . Memory (MB): peak = 2449.594 ; gain = 96.043 ; free physical = 100636 ; free virtual = 153836

Phase 3.4 Pipeline Register Optimization
Phase 3.4 Pipeline Register Optimization | Checksum: 17a56afc0

Time (s): cpu = 00:00:06 ; elapsed = 00:00:02 . Memory (MB): peak = 2449.594 ; gain = 96.043 ; free physical = 100636 ; free virtual = 153836

Phase 3.5 Small Shape Detail Placement
Phase 3.5 Small Shape Detail Placement | Checksum: 223ce3063

Time (s): cpu = 00:00:06 ; elapsed = 00:00:02 . Memory (MB): peak = 2449.594 ; gain = 96.043 ; free physical = 100635 ; free virtual = 153835

Phase 3.6 Re-assign LUT pins
Phase 3.6 Re-assign LUT pins | Checksum: 223ce3063

Time (s): cpu = 00:00:06 ; elapsed = 00:00:02 . Memory (MB): peak = 2449.594 ; gain = 96.043 ; free physical = 100635 ; free virtual = 153835

Phase 3.7 Pipeline Register Optimization
Phase 3.7 Pipeline Register Optimization | Checksum: 223ce3063

Time (s): cpu = 00:00:06 ; elapsed = 00:00:02 . Memory (MB): peak = 2449.594 ; gain = 96.043 ; free physical = 100635 ; free virtual = 153835
Phase 3 Detail Placement | Checksum: 223ce3063

Time (s): cpu = 00:00:06 ; elapsed = 00:00:02 . Memory (MB): peak = 2449.594 ; gain = 96.043 ; free physical = 100635 ; free virtual = 153835

Phase 4 Post Placement Optimization and Clean-Up

Phase 4.1 Post Commit Optimization
Phase 4.1 Post Commit Optimization | Checksum: 223ce3063

Time (s): cpu = 00:00:06 ; elapsed = 00:00:02 . Memory (MB): peak = 2449.594 ; gain = 96.043 ; free physical = 100636 ; free virtual = 153835

Phase 4.2 Post Placement Cleanup
Phase 4.2 Post Placement Cleanup | Checksum: 223ce3063

Time (s): cpu = 00:00:06 ; elapsed = 00:00:02 . Memory (MB): peak = 2449.594 ; gain = 96.043 ; free physical = 100638 ; free virtual = 153837

Phase 4.3 Placer Reporting
Phase 4.3 Placer Reporting | Checksum: 223ce3063

Time (s): cpu = 00:00:06 ; elapsed = 00:00:02 . Memory (MB): peak = 2449.594 ; gain = 96.043 ; free physical = 100638 ; free virtual = 153837

Phase 4.4 Final Placement Cleanup
Phase 4.4 Final Placement Cleanup | Checksum: 223ce3063

Time (s): cpu = 00:00:06 ; elapsed = 00:00:02 . Memory (MB): peak = 2449.594 ; gain = 96.043 ; free physical = 100638 ; free virtual = 153837
Phase 4 Post Placement Optimization and Clean-Up | Checksum: 223ce3063

Time (s): cpu = 00:00:06 ; elapsed = 00:00:02 . Memory (MB): peak = 2449.594 ; gain = 96.043 ; free physical = 100638 ; free virtual = 153837
Ending Placer Task | Checksum: 13838b896

Time (s): cpu = 00:00:06 ; elapsed = 00:00:02 . Memory (MB): peak = 2449.594 ; gain = 96.043 ; free physical = 100656 ; free virtual = 153855
INFO: [Common 17-83] Releasing license: Implementation
10 Infos, 1 Warnings, 0 Critical Warnings and 0 Errors encountered.
place_design completed successfully
place_design: Time (s): cpu = 00:00:09 ; elapsed = 00:00:08 . Memory (MB): peak = 2449.594 ; gain = 160.074 ; free physical = 100656 ; free virtual = 153855
# route_design
Command: route_design
Attempting to get a license for feature 'Implementation' and/or device 'xc7a100t'
INFO: [Common 17-349] Got license for feature 'Implementation' and/or device 'xc7a100t'
Running DRC as a precondition to command route_design
INFO: [DRC 23-27] Running DRC with 8 threads
INFO: [Vivado_Tcl 4-198] DRC finished with 0 Errors
INFO: [Vivado_Tcl 4-199] Please refer to the DRC report (report_drc) for more information.


Starting Routing Task
INFO: [Route 35-254] Multithreading enabled for route_design using a maximum of 8 CPUs
Checksum: PlaceDB: 75d1c5f3 ConstDB: 0 ShapeSum: c266f2a3 RouteDB: 0

Phase 1 Build RT Design
Phase 1 Build RT Design | Checksum: 13a3d92ef

Time (s): cpu = 00:00:27 ; elapsed = 00:00:23 . Memory (MB): peak = 2461.223 ; gain = 11.629 ; free physical = 100513 ; free virtual = 153712
Post Restoration Checksum: NetGraph: 74fd919e NumContArr: c5400151 Constraints: 0 Timing: 0

Phase 2 Router Initialization
INFO: [Route 35-64] No timing constraints were detected. The router will operate in resource-optimization mode.

Phase 2.1 Fix Topology Constraints
Phase 2.1 Fix Topology Constraints | Checksum: 13a3d92ef

Time (s): cpu = 00:00:27 ; elapsed = 00:00:23 . Memory (MB): peak = 2467.211 ; gain = 17.617 ; free physical = 100481 ; free virtual = 153680

Phase 2.2 Pre Route Cleanup
Phase 2.2 Pre Route Cleanup | Checksum: 13a3d92ef

Time (s): cpu = 00:00:27 ; elapsed = 00:00:23 . Memory (MB): peak = 2467.211 ; gain = 17.617 ; free physical = 100481 ; free virtual = 153680
 Number of Nodes with overlaps = 0
Phase 2 Router Initialization | Checksum: 11ba82a24

Time (s): cpu = 00:00:27 ; elapsed = 00:00:23 . Memory (MB): peak = 2474.477 ; gain = 24.883 ; free physical = 100478 ; free virtual = 153677

Phase 3 Initial Routing
Phase 3 Initial Routing | Checksum: f6939871

Time (s): cpu = 00:00:27 ; elapsed = 00:00:23 . Memory (MB): peak = 2474.477 ; gain = 24.883 ; free physical = 100475 ; free virtual = 153675

Phase 4 Rip-up And Reroute

Phase 4.1 Global Iteration 0
 Number of Nodes with overlaps = 2
 Number of Nodes with overlaps = 0
Phase 4.1 Global Iteration 0 | Checksum: 1cb5f8229

Time (s): cpu = 00:00:28 ; elapsed = 00:00:23 . Memory (MB): peak = 2474.477 ; gain = 24.883 ; free physical = 100475 ; free virtual = 153674
Phase 4 Rip-up And Reroute | Checksum: 1cb5f8229

Time (s): cpu = 00:00:28 ; elapsed = 00:00:23 . Memory (MB): peak = 2474.477 ; gain = 24.883 ; free physical = 100475 ; free virtual = 153674

Phase 5 Delay and Skew Optimization
Phase 5 Delay and Skew Optimization | Checksum: 1cb5f8229

Time (s): cpu = 00:00:28 ; elapsed = 00:00:23 . Memory (MB): peak = 2474.477 ; gain = 24.883 ; free physical = 100475 ; free virtual = 153674

Phase 6 Post Hold Fix

Phase 6.1 Hold Fix Iter
Phase 6.1 Hold Fix Iter | Checksum: 1cb5f8229

Time (s): cpu = 00:00:28 ; elapsed = 00:00:23 . Memory (MB): peak = 2474.477 ; gain = 24.883 ; free physical = 100475 ; free virtual = 153674
Phase 6 Post Hold Fix | Checksum: 1cb5f8229

Time (s): cpu = 00:00:28 ; elapsed = 00:00:23 . Memory (MB): peak = 2474.477 ; gain = 24.883 ; free physical = 100475 ; free virtual = 153674

Phase 7 Route finalize

Router Utilization Summary
  Global Vertical Routing Utilization    = 0.0147974 %
  Global Horizontal Routing Utilization  = 0.0161978 %
  Routable Net Status*
  *Does not include unroutable nets such as driverless and loadless.
  Run report_route_status for detailed report.
  Number of Failed Nets               = 0
  Number of Unrouted Nets             = 0
  Number of Partially Routed Nets     = 0
  Number of Node Overlaps             = 0

Congestion Report
North Dir 1x1 Area, Max Cong = 16.2162%, No Congested Regions.
South Dir 1x1 Area, Max Cong = 21.6216%, No Congested Regions.
East Dir 1x1 Area, Max Cong = 17.6471%, No Congested Regions.
West Dir 1x1 Area, Max Cong = 17.6471%, No Congested Regions.

------------------------------
Reporting congestion hotspots
------------------------------
Direction: North
----------------
Congested clusters found at Level 0
Effective congestion level: 0 Aspect Ratio: 1 Sparse Ratio: 0
Direction: South
----------------
Congested clusters found at Level 0
Effective congestion level: 0 Aspect Ratio: 1 Sparse Ratio: 0
Direction: East
----------------
Congested clusters found at Level 0
Effective congestion level: 0 Aspect Ratio: 1 Sparse Ratio: 0
Direction: West
----------------
Congested clusters found at Level 0
Effective congestion level: 0 Aspect Ratio: 1 Sparse Ratio: 0

Phase 7 Route finalize | Checksum: 1cb5f8229

Time (s): cpu = 00:00:28 ; elapsed = 00:00:23 . Memory (MB): peak = 2474.477 ; gain = 24.883 ; free physical = 100475 ; free virtual = 153674

Phase 8 Verifying routed nets

 Verification completed successfully
Phase 8 Verifying routed nets | Checksum: 1cb5f8229

Time (s): cpu = 00:00:28 ; elapsed = 00:00:23 . Memory (MB): peak = 2477.477 ; gain = 27.883 ; free physical = 100474 ; free virtual = 153673

Phase 9 Depositing Routes
Phase 9 Depositing Routes | Checksum: 14d54516d

Time (s): cpu = 00:00:28 ; elapsed = 00:00:23 . Memory (MB): peak = 2477.477 ; gain = 27.883 ; free physical = 100474 ; free virtual = 153673
INFO: [Route 35-16] Router Completed Successfully

Time (s): cpu = 00:00:28 ; elapsed = 00:00:23 . Memory (MB): peak = 2477.477 ; gain = 27.883 ; free physical = 100508 ; free virtual = 153707

Routing Is Done.
INFO: [Common 17-83] Releasing license: Implementation
8 Infos, 0 Warnings, 0 Critical Warnings and 0 Errors encountered.
route_design completed successfully
route_design: Time (s): cpu = 00:00:31 ; elapsed = 00:00:29 . Memory (MB): peak = 2477.477 ; gain = 27.883 ; free physical = 100508 ; free virtual = 153707
# report_timing_summary
INFO: [Timing 38-91] UpdateTimingParams: Speed grade: -1, Delay Type: min_max.
INFO: [Timing 38-191] Multithreading enabled for timing update using a maximum of 8 CPUs
Copyright 1986-2018 Xilinx, Inc. All Rights Reserved.
----------------------------------------------------------------------------------------------------
| Tool Version : Vivado v.2018.2 (lin64) Build 2258646 Thu Jun 14 20:02:38 MDT 2018
| Date         : Wed Oct 13 22:49:05 2021
| Host         : awareness.encs.concordia.ca running 64-bit Scientific Linux release 7.9 (Nitrogen)
| Command      : report_timing_summary
| Design       : alu
| Device       : 7a100t-csg324
| Speed File   : -1  PRODUCTION 1.22 2018-03-21
----------------------------------------------------------------------------------------------------

Timing Summary Report

------------------------------------------------------------------------------------------------
| Timer Settings
| --------------
------------------------------------------------------------------------------------------------

  Enable Multi Corner Analysis               :  Yes
  Enable Pessimism Removal                   :  Yes
  Pessimism Removal Resolution               :  Nearest Common Node
  Enable Input Delay Default Clock           :  No
  Enable Preset / Clear Arcs                 :  No
  Disable Flight Delays                      :  No
  Ignore I/O Paths                           :  No
  Timing Early Launch at Borrowing Latches   :  false

  Corner  Analyze    Analyze    
  Name    Max Paths  Min Paths  
  ------  ---------  ---------  
  Slow    Yes        Yes        
  Fast    Yes        Yes        



check_timing report

Table of Contents
-----------------
1. checking no_clock
2. checking constant_clock
3. checking pulse_width_clock
4. checking unconstrained_internal_endpoints
5. checking no_input_delay
6. checking no_output_delay
7. checking multiple_clock
8. checking generated_clocks
9. checking loops
10. checking partial_input_delay
11. checking partial_output_delay
12. checking latch_loops

1. checking no_clock
--------------------
 There are 0 register/latch pins with no clock.


2. checking constant_clock
--------------------------
 There are 0 register/latch pins with constant_clock.


3. checking pulse_width_clock
-----------------------------
 There are 0 register/latch pins which need pulse_width check


4. checking unconstrained_internal_endpoints
--------------------------------------------
 There are 0 pins that are not constrained for maximum delay.

 There are 0 pins that are not constrained for maximum delay due to constant clock.


5. checking no_input_delay
--------------------------
 There are 0 input ports with no input delay specified.

 There are 0 input ports with no input delay but user has a false path constraint.


6. checking no_output_delay
---------------------------
 There are 0 ports with no output delay specified.

 There are 0 ports with no output delay but user has a false path constraint

 There are 0 ports with no output delay but with a timing clock defined on it or propagating through it


7. checking multiple_clock
--------------------------
 There are 0 register/latch pins with multiple clocks.


8. checking generated_clocks
----------------------------
 There are 0 generated clocks that are not connected to a clock source.


9. checking loops
-----------------
 There are 0 combinational loops in the design.


10. checking partial_input_delay
--------------------------------
 There are 0 input ports with partial input delay specified.


11. checking partial_output_delay
---------------------------------
 There are 0 ports with partial output delay specified.


12. checking latch_loops
------------------------
 There are 0 combinational latch loops in the design through latch input



------------------------------------------------------------------------------------------------
| Design Timing Summary
| ---------------------
------------------------------------------------------------------------------------------------

    WNS(ns)      TNS(ns)  TNS Failing Endpoints  TNS Total Endpoints      WHS(ns)      THS(ns)  THS Failing Endpoints  THS Total Endpoints     WPWS(ns)     TPWS(ns)  TPWS Failing Endpoints  TPWS Total Endpoints  
    -------      -------  ---------------------  -------------------      -------      -------  ---------------------  -------------------     --------     --------  ----------------------  --------------------  
         NA           NA                     NA                   NA           NA           NA                     NA                   NA           NA           NA                      NA                    NA  


There are no user specified timing constraints.


------------------------------------------------------------------------------------------------
| Clock Summary
| -------------
------------------------------------------------------------------------------------------------


------------------------------------------------------------------------------------------------
| Intra Clock Table
| -----------------
------------------------------------------------------------------------------------------------

Clock             WNS(ns)      TNS(ns)  TNS Failing Endpoints  TNS Total Endpoints      WHS(ns)      THS(ns)  THS Failing Endpoints  THS Total Endpoints     WPWS(ns)     TPWS(ns)  TPWS Failing Endpoints  TPWS Total Endpoints  
-----             -------      -------  ---------------------  -------------------      -------      -------  ---------------------  -------------------     --------     --------  ----------------------  --------------------  


------------------------------------------------------------------------------------------------
| Inter Clock Table
| -----------------
------------------------------------------------------------------------------------------------

From Clock    To Clock          WNS(ns)      TNS(ns)  TNS Failing Endpoints  TNS Total Endpoints      WHS(ns)      THS(ns)  THS Failing Endpoints  THS Total Endpoints  
----------    --------          -------      -------  ---------------------  -------------------      -------      -------  ---------------------  -------------------  


------------------------------------------------------------------------------------------------
| Other Path Groups Table
| -----------------------
------------------------------------------------------------------------------------------------

Path Group    From Clock    To Clock          WNS(ns)      TNS(ns)  TNS Failing Endpoints  TNS Total Endpoints      WHS(ns)      THS(ns)  THS Failing Endpoints  THS Total Endpoints  
----------    ----------    --------          -------      -------  ---------------------  -------------------      -------      -------  ---------------------  -------------------  


------------------------------------------------------------------------------------------------
| Timing Details
| --------------
------------------------------------------------------------------------------------------------


# write_bitstream -force alu.bit 
Command: write_bitstream -force alu.bit
Attempting to get a license for feature 'Implementation' and/or device 'xc7a100t'
INFO: [Common 17-349] Got license for feature 'Implementation' and/or device 'xc7a100t'
Running DRC as a precondition to command write_bitstream
INFO: [IP_Flow 19-234] Refreshing IP repositories
INFO: [IP_Flow 19-1704] No user IP repositories specified
INFO: [IP_Flow 19-2313] Loaded Vivado IP repository '/CMC/tools/xilinx/Vivado_2018.2/Vivado/2018.2/data/ip'.
INFO: [DRC 23-27] Running DRC with 8 threads
WARNING: [DRC CFGBVS-1] Missing CFGBVS and CONFIG_VOLTAGE Design Properties: Neither the CFGBVS nor CONFIG_VOLTAGE voltage property is set in the current_design.  Configuration bank voltage select (CFGBVS) must be set to VCCO or GND, and CONFIG_VOLTAGE must be set to the correct configuration voltage, in order to determine the I/O voltage support for the pins in bank 0.  It is suggested to specify these either using the 'Edit Device Properties' function in the GUI or directly in the XDC file using the following syntax:

 set_property CFGBVS value1 [current_design]
 #where value1 is either VCCO or GND

 set_property CONFIG_VOLTAGE value2 [current_design]
 #where value2 is the voltage provided to configuration bank 0

Refer to the device configuration user guide for more information.
INFO: [Vivado 12-3199] DRC finished with 0 Errors, 1 Warnings
INFO: [Vivado 12-3200] Please refer to the DRC report (report_drc) for more information.
INFO: [Designutils 20-2272] Running write_bitstream with 8 threads.
Loading data files...
Loading site data...
Loading route data...
Processing options...
Creating bitmap...
Creating bitstream...
Writing bitstream ./alu.bit...
INFO: [Vivado 12-1842] Bitgen Completed Successfully.
INFO: [Common 17-83] Releasing license: Implementation
10 Infos, 1 Warnings, 0 Critical Warnings and 0 Errors encountered.
write_bitstream completed successfully
write_bitstream: Time (s): cpu = 00:00:15 ; elapsed = 00:00:23 . Memory (MB): peak = 2828.297 ; gain = 350.820 ; free physical = 100461 ; free virtual = 153664
INFO: [Common 17-206] Exiting Vivado at Wed Oct 13 22:49:28 2021...
