#-----------------------------------------------------------
# Vivado v2018.2 (64-bit)
# SW Build 2258646 on Thu Jun 14 20:02:38 MDT 2018
# IP Build 2256618 on Thu Jun 14 22:10:49 MDT 2018
# Start of session at: Wed Oct  6 13:42:41 2021
# Process ID: 12684
# Current directory: /nfs/home/n/n_kawwas/COEN316/lab1
# Command line: vivado -log alu.log -mode batch -source alu.tcl
# Log file: /nfs/home/n/n_kawwas/COEN316/lab1/alu.log
# Journal file: /nfs/home/n/n_kawwas/COEN316/lab1/vivado.jou
#-----------------------------------------------------------
source alu.tcl
# read_vhdl alu_board.vhd
# read_xdc alu.xdc
# synth_design -top alu -part xc7a100tcsg324-1
Command: synth_design -top alu -part xc7a100tcsg324-1
Starting synth_design
Attempting to get a license for feature 'Synthesis' and/or device 'xc7a100t'
INFO: [Common 17-349] Got license for feature 'Synthesis' and/or device 'xc7a100t'
INFO: Launching helper process for spawning children vivado processes
INFO: Helper process launched with PID 12715 
---------------------------------------------------------------------------------
Starting RTL Elaboration : Time (s): cpu = 00:00:02 ; elapsed = 00:00:05 . Memory (MB): peak = 1467.594 ; gain = 86.727 ; free physical = 69999 ; free virtual = 154306
---------------------------------------------------------------------------------
INFO: [Synth 8-638] synthesizing module 'alu' [/nfs/home/n/n_kawwas/COEN316/lab1/alu_board.vhd:19]
WARNING: [Synth 8-3936] Found unconnected internal register 'output_reg' and it is trimmed from '32' to '4' bits. [/nfs/home/n/n_kawwas/COEN316/lab1/alu_board.vhd:65]
WARNING: [Synth 8-3936] Found unconnected internal register 'logic_out_reg' and it is trimmed from '32' to '4' bits. [/nfs/home/n/n_kawwas/COEN316/lab1/alu_board.vhd:48]
INFO: [Synth 8-256] done synthesizing module 'alu' (1#1) [/nfs/home/n/n_kawwas/COEN316/lab1/alu_board.vhd:19]
WARNING: [Synth 8-3331] design alu has unconnected port y_in[2]
---------------------------------------------------------------------------------
Finished RTL Elaboration : Time (s): cpu = 00:00:03 ; elapsed = 00:00:07 . Memory (MB): peak = 1511.234 ; gain = 130.367 ; free physical = 70010 ; free virtual = 154318
---------------------------------------------------------------------------------

Report Check Netlist: 
+------+------------------+-------+---------+-------+------------------+
|      |Item              |Errors |Warnings |Status |Description       |
+------+------------------+-------+---------+-------+------------------+
|1     |multi_driven_nets |      0|        0|Passed |Multi driven nets |
+------+------------------+-------+---------+-------+------------------+
---------------------------------------------------------------------------------
Start Handling Custom Attributes
---------------------------------------------------------------------------------
---------------------------------------------------------------------------------
Finished Handling Custom Attributes : Time (s): cpu = 00:00:03 ; elapsed = 00:00:07 . Memory (MB): peak = 1511.234 ; gain = 130.367 ; free physical = 70010 ; free virtual = 154318
---------------------------------------------------------------------------------
---------------------------------------------------------------------------------
Finished RTL Optimization Phase 1 : Time (s): cpu = 00:00:03 ; elapsed = 00:00:07 . Memory (MB): peak = 1511.234 ; gain = 130.367 ; free physical = 70010 ; free virtual = 154318
---------------------------------------------------------------------------------
INFO: [Device 21-403] Loading part xc7a100tcsg324-1
INFO: [Project 1-570] Preparing netlist for logic optimization

Processing XDC Constraints
Initializing timing engine
Parsing XDC File [/nfs/home/n/n_kawwas/COEN316/lab1/alu.xdc]
WARNING: [Vivado 12-584] No ports matched 'x[0]'. [/nfs/home/n/n_kawwas/COEN316/lab1/alu.xdc:5]
CRITICAL WARNING: [Common 17-55] 'set_property' expects at least one object. [/nfs/home/n/n_kawwas/COEN316/lab1/alu.xdc:5]
Resolution: If [get_<value>] was used to populate the object, check to make sure this command returns at least one valid object.
WARNING: [Vivado 12-584] No ports matched 'x[1]'. [/nfs/home/n/n_kawwas/COEN316/lab1/alu.xdc:6]
CRITICAL WARNING: [Common 17-55] 'set_property' expects at least one object. [/nfs/home/n/n_kawwas/COEN316/lab1/alu.xdc:6]
Resolution: If [get_<value>] was used to populate the object, check to make sure this command returns at least one valid object.
WARNING: [Vivado 12-584] No ports matched 'x[2]'. [/nfs/home/n/n_kawwas/COEN316/lab1/alu.xdc:7]
CRITICAL WARNING: [Common 17-55] 'set_property' expects at least one object. [/nfs/home/n/n_kawwas/COEN316/lab1/alu.xdc:7]
Resolution: If [get_<value>] was used to populate the object, check to make sure this command returns at least one valid object.
WARNING: [Vivado 12-584] No ports matched 'x[3]'. [/nfs/home/n/n_kawwas/COEN316/lab1/alu.xdc:8]
CRITICAL WARNING: [Common 17-55] 'set_property' expects at least one object. [/nfs/home/n/n_kawwas/COEN316/lab1/alu.xdc:8]
Resolution: If [get_<value>] was used to populate the object, check to make sure this command returns at least one valid object.
WARNING: [Vivado 12-584] No ports matched 'y[0]'. [/nfs/home/n/n_kawwas/COEN316/lab1/alu.xdc:10]
CRITICAL WARNING: [Common 17-55] 'set_property' expects at least one object. [/nfs/home/n/n_kawwas/COEN316/lab1/alu.xdc:10]
Resolution: If [get_<value>] was used to populate the object, check to make sure this command returns at least one valid object.
WARNING: [Vivado 12-584] No ports matched 'y[1]'. [/nfs/home/n/n_kawwas/COEN316/lab1/alu.xdc:11]
CRITICAL WARNING: [Common 17-55] 'set_property' expects at least one object. [/nfs/home/n/n_kawwas/COEN316/lab1/alu.xdc:11]
Resolution: If [get_<value>] was used to populate the object, check to make sure this command returns at least one valid object.
WARNING: [Vivado 12-584] No ports matched 'y[2]'. [/nfs/home/n/n_kawwas/COEN316/lab1/alu.xdc:12]
CRITICAL WARNING: [Common 17-55] 'set_property' expects at least one object. [/nfs/home/n/n_kawwas/COEN316/lab1/alu.xdc:12]
Resolution: If [get_<value>] was used to populate the object, check to make sure this command returns at least one valid object.
WARNING: [Vivado 12-584] No ports matched 'y[3]'. [/nfs/home/n/n_kawwas/COEN316/lab1/alu.xdc:13]
CRITICAL WARNING: [Common 17-55] 'set_property' expects at least one object. [/nfs/home/n/n_kawwas/COEN316/lab1/alu.xdc:13]
Resolution: If [get_<value>] was used to populate the object, check to make sure this command returns at least one valid object.
WARNING: [Vivado 12-584] No ports matched 'output[0]'. [/nfs/home/n/n_kawwas/COEN316/lab1/alu.xdc:23]
CRITICAL WARNING: [Common 17-55] 'set_property' expects at least one object. [/nfs/home/n/n_kawwas/COEN316/lab1/alu.xdc:23]
Resolution: If [get_<value>] was used to populate the object, check to make sure this command returns at least one valid object.
WARNING: [Vivado 12-584] No ports matched 'output[1]'. [/nfs/home/n/n_kawwas/COEN316/lab1/alu.xdc:24]
CRITICAL WARNING: [Common 17-55] 'set_property' expects at least one object. [/nfs/home/n/n_kawwas/COEN316/lab1/alu.xdc:24]
Resolution: If [get_<value>] was used to populate the object, check to make sure this command returns at least one valid object.
WARNING: [Vivado 12-584] No ports matched 'output[2]'. [/nfs/home/n/n_kawwas/COEN316/lab1/alu.xdc:25]
CRITICAL WARNING: [Common 17-55] 'set_property' expects at least one object. [/nfs/home/n/n_kawwas/COEN316/lab1/alu.xdc:25]
Resolution: If [get_<value>] was used to populate the object, check to make sure this command returns at least one valid object.
WARNING: [Vivado 12-584] No ports matched 'output[3]'. [/nfs/home/n/n_kawwas/COEN316/lab1/alu.xdc:26]
CRITICAL WARNING: [Common 17-55] 'set_property' expects at least one object. [/nfs/home/n/n_kawwas/COEN316/lab1/alu.xdc:26]
Resolution: If [get_<value>] was used to populate the object, check to make sure this command returns at least one valid object.
Finished Parsing XDC File [/nfs/home/n/n_kawwas/COEN316/lab1/alu.xdc]
Completed Processing XDC Constraints

INFO: [Project 1-111] Unisim Transformation Summary:
No Unisim elements were transformed.

Constraint Validation Runtime : Time (s): cpu = 00:00:00 ; elapsed = 00:00:00 . Memory (MB): peak = 1834.160 ; gain = 0.000 ; free physical = 69721 ; free virtual = 154028
---------------------------------------------------------------------------------
Finished Constraint Validation : Time (s): cpu = 00:00:16 ; elapsed = 00:01:18 . Memory (MB): peak = 1834.160 ; gain = 453.293 ; free physical = 69823 ; free virtual = 154130
---------------------------------------------------------------------------------
---------------------------------------------------------------------------------
Start Loading Part and Timing Information
---------------------------------------------------------------------------------
Loading part: xc7a100tcsg324-1
---------------------------------------------------------------------------------
Finished Loading Part and Timing Information : Time (s): cpu = 00:00:16 ; elapsed = 00:01:18 . Memory (MB): peak = 1834.160 ; gain = 453.293 ; free physical = 69823 ; free virtual = 154130
---------------------------------------------------------------------------------
---------------------------------------------------------------------------------
Start Applying 'set_property' XDC Constraints
---------------------------------------------------------------------------------
---------------------------------------------------------------------------------
Finished applying 'set_property' XDC Constraints : Time (s): cpu = 00:00:16 ; elapsed = 00:01:18 . Memory (MB): peak = 1834.160 ; gain = 453.293 ; free physical = 69824 ; free virtual = 154132
---------------------------------------------------------------------------------
INFO: [Synth 8-5818] HDL ADVISOR - The operator resource <adder> is shared. To prevent sharing consider applying a KEEP on the output of the operator [/nfs/home/n/n_kawwas/COEN316/lab1/alu_board.vhd:35]
---------------------------------------------------------------------------------
Finished RTL Optimization Phase 2 : Time (s): cpu = 00:00:16 ; elapsed = 00:01:18 . Memory (MB): peak = 1834.160 ; gain = 453.293 ; free physical = 69815 ; free virtual = 154123
---------------------------------------------------------------------------------

Report RTL Partitions: 
+-+--------------+------------+----------+
| |RTL Partition |Replication |Instances |
+-+--------------+------------+----------+
+-+--------------+------------+----------+
---------------------------------------------------------------------------------
Start RTL Component Statistics 
---------------------------------------------------------------------------------
Detailed RTL Component Info : 
+---Adders : 
	   3 Input     32 Bit       Adders := 1     
+---XORs : 
	   2 Input      4 Bit         XORs := 1     
+---Muxes : 
	   2 Input     32 Bit        Muxes := 1     
	   2 Input      1 Bit        Muxes := 3     
---------------------------------------------------------------------------------
Finished RTL Component Statistics 
---------------------------------------------------------------------------------
---------------------------------------------------------------------------------
Start RTL Hierarchical Component Statistics 
---------------------------------------------------------------------------------
Hierarchical RTL Component report 
Module alu 
Detailed RTL Component Info : 
+---Adders : 
	   3 Input     32 Bit       Adders := 1     
+---XORs : 
	   2 Input      4 Bit         XORs := 1     
+---Muxes : 
	   2 Input     32 Bit        Muxes := 1     
	   2 Input      1 Bit        Muxes := 3     
---------------------------------------------------------------------------------
Finished RTL Hierarchical Component Statistics
---------------------------------------------------------------------------------
---------------------------------------------------------------------------------
Start Part Resource Summary
---------------------------------------------------------------------------------
Part Resources:
DSPs: 240 (col length:80)
BRAMs: 270 (col length: RAMB18 80 RAMB36 40)
---------------------------------------------------------------------------------
Finished Part Resource Summary
---------------------------------------------------------------------------------
---------------------------------------------------------------------------------
Start Cross Boundary and Area Optimization
---------------------------------------------------------------------------------
Warning: Parallel synthesis criteria is not met 
WARNING: [Synth 8-3331] design alu has unconnected port y_in[2]
---------------------------------------------------------------------------------
Finished Cross Boundary and Area Optimization : Time (s): cpu = 00:00:17 ; elapsed = 00:01:18 . Memory (MB): peak = 1865.441 ; gain = 484.574 ; free physical = 69798 ; free virtual = 154107
---------------------------------------------------------------------------------

Report RTL Partitions: 
+-+--------------+------------+----------+
| |RTL Partition |Replication |Instances |
+-+--------------+------------+----------+
+-+--------------+------------+----------+
---------------------------------------------------------------------------------
Start Applying XDC Timing Constraints
---------------------------------------------------------------------------------
---------------------------------------------------------------------------------
Finished Applying XDC Timing Constraints : Time (s): cpu = 00:00:24 ; elapsed = 00:01:39 . Memory (MB): peak = 1865.441 ; gain = 484.574 ; free physical = 69677 ; free virtual = 153987
---------------------------------------------------------------------------------
---------------------------------------------------------------------------------
Start Timing Optimization
---------------------------------------------------------------------------------
---------------------------------------------------------------------------------
Finished Timing Optimization : Time (s): cpu = 00:00:24 ; elapsed = 00:01:39 . Memory (MB): peak = 1865.441 ; gain = 484.574 ; free physical = 69677 ; free virtual = 153987
---------------------------------------------------------------------------------

Report RTL Partitions: 
+-+--------------+------------+----------+
| |RTL Partition |Replication |Instances |
+-+--------------+------------+----------+
+-+--------------+------------+----------+
---------------------------------------------------------------------------------
Start Technology Mapping
---------------------------------------------------------------------------------
---------------------------------------------------------------------------------
Finished Technology Mapping : Time (s): cpu = 00:00:24 ; elapsed = 00:01:39 . Memory (MB): peak = 1865.441 ; gain = 484.574 ; free physical = 69675 ; free virtual = 153985
---------------------------------------------------------------------------------

Report RTL Partitions: 
+-+--------------+------------+----------+
| |RTL Partition |Replication |Instances |
+-+--------------+------------+----------+
+-+--------------+------------+----------+
---------------------------------------------------------------------------------
Start IO Insertion
---------------------------------------------------------------------------------
---------------------------------------------------------------------------------
Start Flattening Before IO Insertion
---------------------------------------------------------------------------------
---------------------------------------------------------------------------------
Finished Flattening Before IO Insertion
---------------------------------------------------------------------------------
---------------------------------------------------------------------------------
Start Final Netlist Cleanup
---------------------------------------------------------------------------------
---------------------------------------------------------------------------------
Finished Final Netlist Cleanup
---------------------------------------------------------------------------------
---------------------------------------------------------------------------------
Finished IO Insertion : Time (s): cpu = 00:00:24 ; elapsed = 00:01:39 . Memory (MB): peak = 1865.441 ; gain = 484.574 ; free physical = 69675 ; free virtual = 153985
---------------------------------------------------------------------------------

Report Check Netlist: 
+------+------------------+-------+---------+-------+------------------+
|      |Item              |Errors |Warnings |Status |Description       |
+------+------------------+-------+---------+-------+------------------+
|1     |multi_driven_nets |      0|        0|Passed |Multi driven nets |
+------+------------------+-------+---------+-------+------------------+
---------------------------------------------------------------------------------
Start Renaming Generated Instances
---------------------------------------------------------------------------------
---------------------------------------------------------------------------------
Finished Renaming Generated Instances : Time (s): cpu = 00:00:24 ; elapsed = 00:01:39 . Memory (MB): peak = 1865.441 ; gain = 484.574 ; free physical = 69675 ; free virtual = 153985
---------------------------------------------------------------------------------

Report RTL Partitions: 
+-+--------------+------------+----------+
| |RTL Partition |Replication |Instances |
+-+--------------+------------+----------+
+-+--------------+------------+----------+
---------------------------------------------------------------------------------
Start Rebuilding User Hierarchy
---------------------------------------------------------------------------------
---------------------------------------------------------------------------------
Finished Rebuilding User Hierarchy : Time (s): cpu = 00:00:24 ; elapsed = 00:01:39 . Memory (MB): peak = 1865.441 ; gain = 484.574 ; free physical = 69675 ; free virtual = 153985
---------------------------------------------------------------------------------
---------------------------------------------------------------------------------
Start Renaming Generated Ports
---------------------------------------------------------------------------------
---------------------------------------------------------------------------------
Finished Renaming Generated Ports : Time (s): cpu = 00:00:24 ; elapsed = 00:01:39 . Memory (MB): peak = 1865.441 ; gain = 484.574 ; free physical = 69675 ; free virtual = 153985
---------------------------------------------------------------------------------
---------------------------------------------------------------------------------
Start Handling Custom Attributes
---------------------------------------------------------------------------------
---------------------------------------------------------------------------------
Finished Handling Custom Attributes : Time (s): cpu = 00:00:24 ; elapsed = 00:01:39 . Memory (MB): peak = 1865.441 ; gain = 484.574 ; free physical = 69675 ; free virtual = 153985
---------------------------------------------------------------------------------
---------------------------------------------------------------------------------
Start Renaming Generated Nets
---------------------------------------------------------------------------------
---------------------------------------------------------------------------------
Finished Renaming Generated Nets : Time (s): cpu = 00:00:24 ; elapsed = 00:01:39 . Memory (MB): peak = 1865.441 ; gain = 484.574 ; free physical = 69675 ; free virtual = 153985
---------------------------------------------------------------------------------
---------------------------------------------------------------------------------
Start Writing Synthesis Report
---------------------------------------------------------------------------------

Report BlackBoxes: 
+-+--------------+----------+
| |BlackBox name |Instances |
+-+--------------+----------+
+-+--------------+----------+

Report Cell Usage: 
+------+-----+------+
|      |Cell |Count |
+------+-----+------+
|1     |LUT4 |     2|
|2     |LUT5 |     5|
|3     |LUT6 |    10|
|4     |IBUF |    12|
|5     |OBUF |     6|
+------+-----+------+

Report Instance Areas: 
+------+---------+-------+------+
|      |Instance |Module |Cells |
+------+---------+-------+------+
|1     |top      |       |    35|
+------+---------+-------+------+
---------------------------------------------------------------------------------
Finished Writing Synthesis Report : Time (s): cpu = 00:00:24 ; elapsed = 00:01:39 . Memory (MB): peak = 1865.441 ; gain = 484.574 ; free physical = 69675 ; free virtual = 153985
---------------------------------------------------------------------------------
Synthesis finished with 0 errors, 0 critical warnings and 1 warnings.
Synthesis Optimization Runtime : Time (s): cpu = 00:00:13 ; elapsed = 00:00:34 . Memory (MB): peak = 1865.441 ; gain = 161.648 ; free physical = 69730 ; free virtual = 154039
Synthesis Optimization Complete : Time (s): cpu = 00:00:24 ; elapsed = 00:01:39 . Memory (MB): peak = 1865.441 ; gain = 484.574 ; free physical = 69740 ; free virtual = 154049
INFO: [Project 1-571] Translating synthesized netlist
INFO: [Netlist 29-17] Analyzing 12 Unisim elements for replacement
INFO: [Netlist 29-28] Unisim Transformation completed in 0 CPU seconds
INFO: [Project 1-570] Preparing netlist for logic optimization
Parsing XDC File [/nfs/home/n/n_kawwas/COEN316/lab1/alu.xdc]
WARNING: [Vivado 12-584] No ports matched 'x[0]'. [/nfs/home/n/n_kawwas/COEN316/lab1/alu.xdc:5]
CRITICAL WARNING: [Common 17-55] 'set_property' expects at least one object. [/nfs/home/n/n_kawwas/COEN316/lab1/alu.xdc:5]
Resolution: If [get_<value>] was used to populate the object, check to make sure this command returns at least one valid object.
WARNING: [Vivado 12-584] No ports matched 'x[1]'. [/nfs/home/n/n_kawwas/COEN316/lab1/alu.xdc:6]
CRITICAL WARNING: [Common 17-55] 'set_property' expects at least one object. [/nfs/home/n/n_kawwas/COEN316/lab1/alu.xdc:6]
Resolution: If [get_<value>] was used to populate the object, check to make sure this command returns at least one valid object.
WARNING: [Vivado 12-584] No ports matched 'x[2]'. [/nfs/home/n/n_kawwas/COEN316/lab1/alu.xdc:7]
CRITICAL WARNING: [Common 17-55] 'set_property' expects at least one object. [/nfs/home/n/n_kawwas/COEN316/lab1/alu.xdc:7]
Resolution: If [get_<value>] was used to populate the object, check to make sure this command returns at least one valid object.
WARNING: [Vivado 12-584] No ports matched 'x[3]'. [/nfs/home/n/n_kawwas/COEN316/lab1/alu.xdc:8]
CRITICAL WARNING: [Common 17-55] 'set_property' expects at least one object. [/nfs/home/n/n_kawwas/COEN316/lab1/alu.xdc:8]
Resolution: If [get_<value>] was used to populate the object, check to make sure this command returns at least one valid object.
WARNING: [Vivado 12-584] No ports matched 'y[0]'. [/nfs/home/n/n_kawwas/COEN316/lab1/alu.xdc:10]
CRITICAL WARNING: [Common 17-55] 'set_property' expects at least one object. [/nfs/home/n/n_kawwas/COEN316/lab1/alu.xdc:10]
Resolution: If [get_<value>] was used to populate the object, check to make sure this command returns at least one valid object.
WARNING: [Vivado 12-584] No ports matched 'y[1]'. [/nfs/home/n/n_kawwas/COEN316/lab1/alu.xdc:11]
CRITICAL WARNING: [Common 17-55] 'set_property' expects at least one object. [/nfs/home/n/n_kawwas/COEN316/lab1/alu.xdc:11]
Resolution: If [get_<value>] was used to populate the object, check to make sure this command returns at least one valid object.
WARNING: [Vivado 12-584] No ports matched 'y[2]'. [/nfs/home/n/n_kawwas/COEN316/lab1/alu.xdc:12]
CRITICAL WARNING: [Common 17-55] 'set_property' expects at least one object. [/nfs/home/n/n_kawwas/COEN316/lab1/alu.xdc:12]
Resolution: If [get_<value>] was used to populate the object, check to make sure this command returns at least one valid object.
WARNING: [Vivado 12-584] No ports matched 'y[3]'. [/nfs/home/n/n_kawwas/COEN316/lab1/alu.xdc:13]
CRITICAL WARNING: [Common 17-55] 'set_property' expects at least one object. [/nfs/home/n/n_kawwas/COEN316/lab1/alu.xdc:13]
Resolution: If [get_<value>] was used to populate the object, check to make sure this command returns at least one valid object.
WARNING: [Vivado 12-584] No ports matched 'output[0]'. [/nfs/home/n/n_kawwas/COEN316/lab1/alu.xdc:23]
CRITICAL WARNING: [Common 17-55] 'set_property' expects at least one object. [/nfs/home/n/n_kawwas/COEN316/lab1/alu.xdc:23]
Resolution: If [get_<value>] was used to populate the object, check to make sure this command returns at least one valid object.
WARNING: [Vivado 12-584] No ports matched 'output[1]'. [/nfs/home/n/n_kawwas/COEN316/lab1/alu.xdc:24]
CRITICAL WARNING: [Common 17-55] 'set_property' expects at least one object. [/nfs/home/n/n_kawwas/COEN316/lab1/alu.xdc:24]
Resolution: If [get_<value>] was used to populate the object, check to make sure this command returns at least one valid object.
WARNING: [Vivado 12-584] No ports matched 'output[2]'. [/nfs/home/n/n_kawwas/COEN316/lab1/alu.xdc:25]
CRITICAL WARNING: [Common 17-55] 'set_property' expects at least one object. [/nfs/home/n/n_kawwas/COEN316/lab1/alu.xdc:25]
Resolution: If [get_<value>] was used to populate the object, check to make sure this command returns at least one valid object.
WARNING: [Vivado 12-584] No ports matched 'output[3]'. [/nfs/home/n/n_kawwas/COEN316/lab1/alu.xdc:26]
CRITICAL WARNING: [Common 17-55] 'set_property' expects at least one object. [/nfs/home/n/n_kawwas/COEN316/lab1/alu.xdc:26]
Resolution: If [get_<value>] was used to populate the object, check to make sure this command returns at least one valid object.
Finished Parsing XDC File [/nfs/home/n/n_kawwas/COEN316/lab1/alu.xdc]
INFO: [Opt 31-138] Pushed 0 inverter(s) to 0 load pin(s).
INFO: [Project 1-111] Unisim Transformation Summary:
No Unisim elements were transformed.

INFO: [Common 17-83] Releasing license: Synthesis
14 Infos, 28 Warnings, 24 Critical Warnings and 0 Errors encountered.
synth_design completed successfully
synth_design: Time (s): cpu = 00:00:26 ; elapsed = 00:01:41 . Memory (MB): peak = 1908.445 ; gain = 540.305 ; free physical = 69729 ; free virtual = 154038
# opt_design
Command: opt_design
Attempting to get a license for feature 'Implementation' and/or device 'xc7a100t'
INFO: [Common 17-349] Got license for feature 'Implementation' and/or device 'xc7a100t'
Running DRC as a precondition to command opt_design

Starting DRC Task
INFO: [DRC 23-27] Running DRC with 8 threads
INFO: [Project 1-461] DRC finished with 0 Errors
INFO: [Project 1-462] Please refer to the DRC report (report_drc) for more information.

Time (s): cpu = 00:00:02 ; elapsed = 00:00:04 . Memory (MB): peak = 1972.477 ; gain = 64.031 ; free physical = 69724 ; free virtual = 154033

Starting Cache Timing Information Task
INFO: [Timing 38-35] Done setting XDC timing constraints.
Ending Cache Timing Information Task | Checksum: a4625b1d

Time (s): cpu = 00:00:09 ; elapsed = 00:00:59 . Memory (MB): peak = 2289.648 ; gain = 317.172 ; free physical = 69396 ; free virtual = 153705

Starting Logic Optimization Task

Phase 1 Retarget
INFO: [Opt 31-138] Pushed 0 inverter(s) to 0 load pin(s).
INFO: [Opt 31-49] Retargeted 0 cell(s).
Phase 1 Retarget | Checksum: a4625b1d

Time (s): cpu = 00:00:00.01 ; elapsed = 00:00:00.03 . Memory (MB): peak = 2289.648 ; gain = 0.000 ; free physical = 69415 ; free virtual = 153725
INFO: [Opt 31-389] Phase Retarget created 0 cells and removed 0 cells

Phase 2 Constant propagation
INFO: [Opt 31-138] Pushed 0 inverter(s) to 0 load pin(s).
Phase 2 Constant propagation | Checksum: a4625b1d

Time (s): cpu = 00:00:00.01 ; elapsed = 00:00:00.03 . Memory (MB): peak = 2289.648 ; gain = 0.000 ; free physical = 69415 ; free virtual = 153725
INFO: [Opt 31-389] Phase Constant propagation created 0 cells and removed 0 cells

Phase 3 Sweep
Phase 3 Sweep | Checksum: a4625b1d

Time (s): cpu = 00:00:00.01 ; elapsed = 00:00:00.03 . Memory (MB): peak = 2289.648 ; gain = 0.000 ; free physical = 69415 ; free virtual = 153725
INFO: [Opt 31-389] Phase Sweep created 0 cells and removed 0 cells

Phase 4 BUFG optimization
Phase 4 BUFG optimization | Checksum: a4625b1d

Time (s): cpu = 00:00:00.01 ; elapsed = 00:00:00.03 . Memory (MB): peak = 2289.648 ; gain = 0.000 ; free physical = 69415 ; free virtual = 153725
INFO: [Opt 31-662] Phase BUFG optimization created 0 cells of which 0 are BUFGs and removed 0 cells.

Phase 5 Shift Register Optimization
Phase 5 Shift Register Optimization | Checksum: a4625b1d

Time (s): cpu = 00:00:00.02 ; elapsed = 00:00:00.03 . Memory (MB): peak = 2289.648 ; gain = 0.000 ; free physical = 69415 ; free virtual = 153725
INFO: [Opt 31-389] Phase Shift Register Optimization created 0 cells and removed 0 cells

Phase 6 Post Processing Netlist
Phase 6 Post Processing Netlist | Checksum: a4625b1d

Time (s): cpu = 00:00:00.02 ; elapsed = 00:00:00.03 . Memory (MB): peak = 2289.648 ; gain = 0.000 ; free physical = 69415 ; free virtual = 153725
INFO: [Opt 31-389] Phase Post Processing Netlist created 0 cells and removed 0 cells

Starting Connectivity Check Task

Time (s): cpu = 00:00:00 ; elapsed = 00:00:00.01 . Memory (MB): peak = 2289.648 ; gain = 0.000 ; free physical = 69415 ; free virtual = 153725
Ending Logic Optimization Task | Checksum: a4625b1d

Time (s): cpu = 00:00:00.02 ; elapsed = 00:00:00.04 . Memory (MB): peak = 2289.648 ; gain = 0.000 ; free physical = 69415 ; free virtual = 153725

Starting Power Optimization Task
INFO: [Pwropt 34-132] Skipping clock gating for clocks with a period < 2.00 ns.
Ending Power Optimization Task | Checksum: a4625b1d

Time (s): cpu = 00:00:00.01 ; elapsed = 00:00:00.05 . Memory (MB): peak = 2289.648 ; gain = 0.000 ; free physical = 69415 ; free virtual = 153725

Starting Final Cleanup Task
Ending Final Cleanup Task | Checksum: a4625b1d

Time (s): cpu = 00:00:00 ; elapsed = 00:00:00 . Memory (MB): peak = 2289.648 ; gain = 0.000 ; free physical = 69415 ; free virtual = 153725
INFO: [Common 17-83] Releasing license: Implementation
16 Infos, 0 Warnings, 0 Critical Warnings and 0 Errors encountered.
opt_design completed successfully
opt_design: Time (s): cpu = 00:00:10 ; elapsed = 00:01:03 . Memory (MB): peak = 2289.648 ; gain = 381.203 ; free physical = 69415 ; free virtual = 153725
# place_design
Command: place_design
Attempting to get a license for feature 'Implementation' and/or device 'xc7a100t'
INFO: [Common 17-349] Got license for feature 'Implementation' and/or device 'xc7a100t'
INFO: [DRC 23-27] Running DRC with 8 threads
INFO: [Vivado_Tcl 4-198] DRC finished with 0 Errors
INFO: [Vivado_Tcl 4-199] Please refer to the DRC report (report_drc) for more information.
Running DRC as a precondition to command place_design
INFO: [DRC 23-27] Running DRC with 8 threads
INFO: [Vivado_Tcl 4-198] DRC finished with 0 Errors
INFO: [Vivado_Tcl 4-199] Please refer to the DRC report (report_drc) for more information.

Starting Placer Task
INFO: [Place 30-611] Multithreading enabled for place_design using a maximum of 8 CPUs

Phase 1 Placer Initialization

Phase 1.1 Placer Initialization Netlist Sorting
Netlist sorting complete. Time (s): cpu = 00:00:00 ; elapsed = 00:00:00 . Memory (MB): peak = 2353.680 ; gain = 0.000 ; free physical = 69411 ; free virtual = 153721
Phase 1.1 Placer Initialization Netlist Sorting | Checksum: 719ad250

Time (s): cpu = 00:00:00.01 ; elapsed = 00:00:00.02 . Memory (MB): peak = 2353.680 ; gain = 0.000 ; free physical = 69411 ; free virtual = 153721
Netlist sorting complete. Time (s): cpu = 00:00:00 ; elapsed = 00:00:00 . Memory (MB): peak = 2353.680 ; gain = 0.000 ; free physical = 69411 ; free virtual = 153721

Phase 1.2 IO Placement/ Clock Placement/ Build Placer Device
INFO: [Timing 38-35] Done setting XDC timing constraints.
Phase 1.2 IO Placement/ Clock Placement/ Build Placer Device | Checksum: 10c5b3a08

Time (s): cpu = 00:00:00.65 ; elapsed = 00:00:00.54 . Memory (MB): peak = 2353.680 ; gain = 0.000 ; free physical = 69409 ; free virtual = 153718

Phase 1.3 Build Placer Netlist Model
Phase 1.3 Build Placer Netlist Model | Checksum: 15d073c06

Time (s): cpu = 00:00:00.69 ; elapsed = 00:00:00.57 . Memory (MB): peak = 2353.680 ; gain = 0.000 ; free physical = 69409 ; free virtual = 153718

Phase 1.4 Constrain Clocks/Macros
Phase 1.4 Constrain Clocks/Macros | Checksum: 15d073c06

Time (s): cpu = 00:00:00.70 ; elapsed = 00:00:00.58 . Memory (MB): peak = 2353.680 ; gain = 0.000 ; free physical = 69409 ; free virtual = 153718
Phase 1 Placer Initialization | Checksum: 15d073c06

Time (s): cpu = 00:00:00.70 ; elapsed = 00:00:00.58 . Memory (MB): peak = 2353.680 ; gain = 0.000 ; free physical = 69409 ; free virtual = 153718

Phase 2 Global Placement

Phase 2.1 Floorplanning
Phase 2.1 Floorplanning | Checksum: 15d073c06

Time (s): cpu = 00:00:00.72 ; elapsed = 00:00:00.60 . Memory (MB): peak = 2353.680 ; gain = 0.000 ; free physical = 69408 ; free virtual = 153717
WARNING: [Place 46-29] place_design is not in timing mode. Skip physical synthesis in placer
Phase 2 Global Placement | Checksum: 12d50e20b

Time (s): cpu = 00:00:03 ; elapsed = 00:00:01 . Memory (MB): peak = 2449.723 ; gain = 96.043 ; free physical = 69368 ; free virtual = 153678

Phase 3 Detail Placement

Phase 3.1 Commit Multi Column Macros
Phase 3.1 Commit Multi Column Macros | Checksum: 12d50e20b

Time (s): cpu = 00:00:03 ; elapsed = 00:00:01 . Memory (MB): peak = 2449.723 ; gain = 96.043 ; free physical = 69368 ; free virtual = 153678

Phase 3.2 Commit Most Macros & LUTRAMs
Phase 3.2 Commit Most Macros & LUTRAMs | Checksum: 1509ce3ce

Time (s): cpu = 00:00:03 ; elapsed = 00:00:01 . Memory (MB): peak = 2449.723 ; gain = 96.043 ; free physical = 69368 ; free virtual = 153677

Phase 3.3 Area Swap Optimization
Phase 3.3 Area Swap Optimization | Checksum: 166a574ed

Time (s): cpu = 00:00:03 ; elapsed = 00:00:01 . Memory (MB): peak = 2449.723 ; gain = 96.043 ; free physical = 69368 ; free virtual = 153677

Phase 3.4 Pipeline Register Optimization
Phase 3.4 Pipeline Register Optimization | Checksum: 166a574ed

Time (s): cpu = 00:00:03 ; elapsed = 00:00:01 . Memory (MB): peak = 2449.723 ; gain = 96.043 ; free physical = 69368 ; free virtual = 153677

Phase 3.5 Small Shape Detail Placement
Phase 3.5 Small Shape Detail Placement | Checksum: 17fe4198d

Time (s): cpu = 00:00:03 ; elapsed = 00:00:01 . Memory (MB): peak = 2449.723 ; gain = 96.043 ; free physical = 69364 ; free virtual = 153674

Phase 3.6 Re-assign LUT pins
Phase 3.6 Re-assign LUT pins | Checksum: 17fe4198d

Time (s): cpu = 00:00:03 ; elapsed = 00:00:01 . Memory (MB): peak = 2449.723 ; gain = 96.043 ; free physical = 69364 ; free virtual = 153674

Phase 3.7 Pipeline Register Optimization
Phase 3.7 Pipeline Register Optimization | Checksum: 17fe4198d

Time (s): cpu = 00:00:03 ; elapsed = 00:00:01 . Memory (MB): peak = 2449.723 ; gain = 96.043 ; free physical = 69364 ; free virtual = 153674
Phase 3 Detail Placement | Checksum: 17fe4198d

Time (s): cpu = 00:00:03 ; elapsed = 00:00:01 . Memory (MB): peak = 2449.723 ; gain = 96.043 ; free physical = 69364 ; free virtual = 153674

Phase 4 Post Placement Optimization and Clean-Up

Phase 4.1 Post Commit Optimization
Phase 4.1 Post Commit Optimization | Checksum: 17fe4198d

Time (s): cpu = 00:00:03 ; elapsed = 00:00:01 . Memory (MB): peak = 2449.723 ; gain = 96.043 ; free physical = 69364 ; free virtual = 153674

Phase 4.2 Post Placement Cleanup
Phase 4.2 Post Placement Cleanup | Checksum: 17fe4198d

Time (s): cpu = 00:00:03 ; elapsed = 00:00:01 . Memory (MB): peak = 2449.723 ; gain = 96.043 ; free physical = 69365 ; free virtual = 153675

Phase 4.3 Placer Reporting
Phase 4.3 Placer Reporting | Checksum: 17fe4198d

Time (s): cpu = 00:00:03 ; elapsed = 00:00:01 . Memory (MB): peak = 2449.723 ; gain = 96.043 ; free physical = 69365 ; free virtual = 153675

Phase 4.4 Final Placement Cleanup
Phase 4.4 Final Placement Cleanup | Checksum: 17fe4198d

Time (s): cpu = 00:00:03 ; elapsed = 00:00:01 . Memory (MB): peak = 2449.723 ; gain = 96.043 ; free physical = 69365 ; free virtual = 153675
Phase 4 Post Placement Optimization and Clean-Up | Checksum: 17fe4198d

Time (s): cpu = 00:00:03 ; elapsed = 00:00:01 . Memory (MB): peak = 2449.723 ; gain = 96.043 ; free physical = 69365 ; free virtual = 153675
Ending Placer Task | Checksum: c099fba6

Time (s): cpu = 00:00:03 ; elapsed = 00:00:01 . Memory (MB): peak = 2449.723 ; gain = 96.043 ; free physical = 69381 ; free virtual = 153691
INFO: [Common 17-83] Releasing license: Implementation
10 Infos, 1 Warnings, 0 Critical Warnings and 0 Errors encountered.
place_design completed successfully
place_design: Time (s): cpu = 00:00:05 ; elapsed = 00:00:05 . Memory (MB): peak = 2449.723 ; gain = 160.074 ; free physical = 69381 ; free virtual = 153691
# route_design
Command: route_design
Attempting to get a license for feature 'Implementation' and/or device 'xc7a100t'
INFO: [Common 17-349] Got license for feature 'Implementation' and/or device 'xc7a100t'
Running DRC as a precondition to command route_design
INFO: [DRC 23-27] Running DRC with 8 threads
INFO: [Vivado_Tcl 4-198] DRC finished with 0 Errors
INFO: [Vivado_Tcl 4-199] Please refer to the DRC report (report_drc) for more information.


Starting Routing Task
INFO: [Route 35-254] Multithreading enabled for route_design using a maximum of 8 CPUs
Checksum: PlaceDB: 4eff2956 ConstDB: 0 ShapeSum: 719ad250 RouteDB: 0

Phase 1 Build RT Design
Phase 1 Build RT Design | Checksum: d3147675

Time (s): cpu = 00:00:23 ; elapsed = 00:00:19 . Memory (MB): peak = 2461.352 ; gain = 11.629 ; free physical = 69248 ; free virtual = 153558
Post Restoration Checksum: NetGraph: bfcf4d97 NumContArr: 134528de Constraints: 0 Timing: 0

Phase 2 Router Initialization
INFO: [Route 35-64] No timing constraints were detected. The router will operate in resource-optimization mode.

Phase 2.1 Fix Topology Constraints
Phase 2.1 Fix Topology Constraints | Checksum: d3147675

Time (s): cpu = 00:00:23 ; elapsed = 00:00:19 . Memory (MB): peak = 2468.340 ; gain = 18.617 ; free physical = 69216 ; free virtual = 153526

Phase 2.2 Pre Route Cleanup
Phase 2.2 Pre Route Cleanup | Checksum: d3147675

Time (s): cpu = 00:00:23 ; elapsed = 00:00:19 . Memory (MB): peak = 2468.340 ; gain = 18.617 ; free physical = 69216 ; free virtual = 153526
 Number of Nodes with overlaps = 0
Phase 2 Router Initialization | Checksum: 8d4d08e2

Time (s): cpu = 00:00:23 ; elapsed = 00:00:20 . Memory (MB): peak = 2475.605 ; gain = 25.883 ; free physical = 69213 ; free virtual = 153523

Phase 3 Initial Routing
Phase 3 Initial Routing | Checksum: f787f825

Time (s): cpu = 00:00:24 ; elapsed = 00:00:20 . Memory (MB): peak = 2475.605 ; gain = 25.883 ; free physical = 69211 ; free virtual = 153521

Phase 4 Rip-up And Reroute

Phase 4.1 Global Iteration 0
 Number of Nodes with overlaps = 3
 Number of Nodes with overlaps = 0
Phase 4.1 Global Iteration 0 | Checksum: 1007b5bf9

Time (s): cpu = 00:00:24 ; elapsed = 00:00:20 . Memory (MB): peak = 2475.605 ; gain = 25.883 ; free physical = 69211 ; free virtual = 153521
Phase 4 Rip-up And Reroute | Checksum: 1007b5bf9

Time (s): cpu = 00:00:24 ; elapsed = 00:00:20 . Memory (MB): peak = 2475.605 ; gain = 25.883 ; free physical = 69211 ; free virtual = 153521

Phase 5 Delay and Skew Optimization
Phase 5 Delay and Skew Optimization | Checksum: 1007b5bf9

Time (s): cpu = 00:00:24 ; elapsed = 00:00:20 . Memory (MB): peak = 2475.605 ; gain = 25.883 ; free physical = 69211 ; free virtual = 153521

Phase 6 Post Hold Fix

Phase 6.1 Hold Fix Iter
Phase 6.1 Hold Fix Iter | Checksum: 1007b5bf9

Time (s): cpu = 00:00:24 ; elapsed = 00:00:20 . Memory (MB): peak = 2475.605 ; gain = 25.883 ; free physical = 69211 ; free virtual = 153521
Phase 6 Post Hold Fix | Checksum: 1007b5bf9

Time (s): cpu = 00:00:24 ; elapsed = 00:00:20 . Memory (MB): peak = 2475.605 ; gain = 25.883 ; free physical = 69211 ; free virtual = 153521

Phase 7 Route finalize

Router Utilization Summary
  Global Vertical Routing Utilization    = 0.0143187 %
  Global Horizontal Routing Utilization  = 0.00383632 %
  Routable Net Status*
  *Does not include unroutable nets such as driverless and loadless.
  Run report_route_status for detailed report.
  Number of Failed Nets               = 0
  Number of Unrouted Nets             = 0
  Number of Partially Routed Nets     = 0
  Number of Node Overlaps             = 0

Congestion Report
North Dir 1x1 Area, Max Cong = 12.6126%, No Congested Regions.
South Dir 1x1 Area, Max Cong = 5.40541%, No Congested Regions.
East Dir 1x1 Area, Max Cong = 5.88235%, No Congested Regions.
West Dir 1x1 Area, Max Cong = 8.82353%, No Congested Regions.

------------------------------
Reporting congestion hotspots
------------------------------
Direction: North
----------------
Congested clusters found at Level 0
Effective congestion level: 0 Aspect Ratio: 1 Sparse Ratio: 0
Direction: South
----------------
Congested clusters found at Level 0
Effective congestion level: 0 Aspect Ratio: 1 Sparse Ratio: 0
Direction: East
----------------
Congested clusters found at Level 0
Effective congestion level: 0 Aspect Ratio: 1 Sparse Ratio: 0
Direction: West
----------------
Congested clusters found at Level 0
Effective congestion level: 0 Aspect Ratio: 1 Sparse Ratio: 0

Phase 7 Route finalize | Checksum: 1007b5bf9

Time (s): cpu = 00:00:24 ; elapsed = 00:00:20 . Memory (MB): peak = 2475.605 ; gain = 25.883 ; free physical = 69210 ; free virtual = 153520

Phase 8 Verifying routed nets

 Verification completed successfully
Phase 8 Verifying routed nets | Checksum: 1007b5bf9

Time (s): cpu = 00:00:24 ; elapsed = 00:00:20 . Memory (MB): peak = 2478.605 ; gain = 28.883 ; free physical = 69209 ; free virtual = 153519

Phase 9 Depositing Routes
Phase 9 Depositing Routes | Checksum: 6ad24880

Time (s): cpu = 00:00:24 ; elapsed = 00:00:20 . Memory (MB): peak = 2478.605 ; gain = 28.883 ; free physical = 69209 ; free virtual = 153519
INFO: [Route 35-16] Router Completed Successfully

Time (s): cpu = 00:00:24 ; elapsed = 00:00:20 . Memory (MB): peak = 2478.605 ; gain = 28.883 ; free physical = 69244 ; free virtual = 153554

Routing Is Done.
INFO: [Common 17-83] Releasing license: Implementation
8 Infos, 0 Warnings, 0 Critical Warnings and 0 Errors encountered.
route_design completed successfully
route_design: Time (s): cpu = 00:00:26 ; elapsed = 00:00:25 . Memory (MB): peak = 2478.605 ; gain = 28.883 ; free physical = 69244 ; free virtual = 153554
# report_timing_summary
INFO: [Timing 38-91] UpdateTimingParams: Speed grade: -1, Delay Type: min_max.
INFO: [Timing 38-191] Multithreading enabled for timing update using a maximum of 8 CPUs
Copyright 1986-2018 Xilinx, Inc. All Rights Reserved.
------------------------------------------------------------------------------------------------
| Tool Version : Vivado v.2018.2 (lin64) Build 2258646 Thu Jun 14 20:02:38 MDT 2018
| Date         : Wed Oct  6 13:46:06 2021
| Host         : grace.encs.concordia.ca running 64-bit Scientific Linux release 7.9 (Nitrogen)
| Command      : report_timing_summary
| Design       : alu
| Device       : 7a100t-csg324
| Speed File   : -1  PRODUCTION 1.22 2018-03-21
------------------------------------------------------------------------------------------------

Timing Summary Report

------------------------------------------------------------------------------------------------
| Timer Settings
| --------------
------------------------------------------------------------------------------------------------

  Enable Multi Corner Analysis               :  Yes
  Enable Pessimism Removal                   :  Yes
  Pessimism Removal Resolution               :  Nearest Common Node
  Enable Input Delay Default Clock           :  No
  Enable Preset / Clear Arcs                 :  No
  Disable Flight Delays                      :  No
  Ignore I/O Paths                           :  No
  Timing Early Launch at Borrowing Latches   :  false

  Corner  Analyze    Analyze    
  Name    Max Paths  Min Paths  
  ------  ---------  ---------  
  Slow    Yes        Yes        
  Fast    Yes        Yes        



check_timing report

Table of Contents
-----------------
1. checking no_clock
2. checking constant_clock
3. checking pulse_width_clock
4. checking unconstrained_internal_endpoints
5. checking no_input_delay
6. checking no_output_delay
7. checking multiple_clock
8. checking generated_clocks
9. checking loops
10. checking partial_input_delay
11. checking partial_output_delay
12. checking latch_loops

1. checking no_clock
--------------------
 There are 0 register/latch pins with no clock.


2. checking constant_clock
--------------------------
 There are 0 register/latch pins with constant_clock.


3. checking pulse_width_clock
-----------------------------
 There are 0 register/latch pins which need pulse_width check


4. checking unconstrained_internal_endpoints
--------------------------------------------
 There are 0 pins that are not constrained for maximum delay.

 There are 0 pins that are not constrained for maximum delay due to constant clock.


5. checking no_input_delay
--------------------------
 There are 0 input ports with no input delay specified.

 There are 0 input ports with no input delay but user has a false path constraint.


6. checking no_output_delay
---------------------------
 There are 0 ports with no output delay specified.

 There are 0 ports with no output delay but user has a false path constraint

 There are 0 ports with no output delay but with a timing clock defined on it or propagating through it


7. checking multiple_clock
--------------------------
 There are 0 register/latch pins with multiple clocks.


8. checking generated_clocks
----------------------------
 There are 0 generated clocks that are not connected to a clock source.


9. checking loops
-----------------
 There are 0 combinational loops in the design.


10. checking partial_input_delay
--------------------------------
 There are 0 input ports with partial input delay specified.


11. checking partial_output_delay
---------------------------------
 There are 0 ports with partial output delay specified.


12. checking latch_loops
------------------------
 There are 0 combinational latch loops in the design through latch input



------------------------------------------------------------------------------------------------
| Design Timing Summary
| ---------------------
------------------------------------------------------------------------------------------------

    WNS(ns)      TNS(ns)  TNS Failing Endpoints  TNS Total Endpoints      WHS(ns)      THS(ns)  THS Failing Endpoints  THS Total Endpoints     WPWS(ns)     TPWS(ns)  TPWS Failing Endpoints  TPWS Total Endpoints  
    -------      -------  ---------------------  -------------------      -------      -------  ---------------------  -------------------     --------     --------  ----------------------  --------------------  
         NA           NA                     NA                   NA           NA           NA                     NA                   NA           NA           NA                      NA                    NA  


There are no user specified timing constraints.


------------------------------------------------------------------------------------------------
| Clock Summary
| -------------
------------------------------------------------------------------------------------------------


------------------------------------------------------------------------------------------------
| Intra Clock Table
| -----------------
------------------------------------------------------------------------------------------------

Clock             WNS(ns)      TNS(ns)  TNS Failing Endpoints  TNS Total Endpoints      WHS(ns)      THS(ns)  THS Failing Endpoints  THS Total Endpoints     WPWS(ns)     TPWS(ns)  TPWS Failing Endpoints  TPWS Total Endpoints  
-----             -------      -------  ---------------------  -------------------      -------      -------  ---------------------  -------------------     --------     --------  ----------------------  --------------------  


------------------------------------------------------------------------------------------------
| Inter Clock Table
| -----------------
------------------------------------------------------------------------------------------------

From Clock    To Clock          WNS(ns)      TNS(ns)  TNS Failing Endpoints  TNS Total Endpoints      WHS(ns)      THS(ns)  THS Failing Endpoints  THS Total Endpoints  
----------    --------          -------      -------  ---------------------  -------------------      -------      -------  ---------------------  -------------------  


------------------------------------------------------------------------------------------------
| Other Path Groups Table
| -----------------------
------------------------------------------------------------------------------------------------

Path Group    From Clock    To Clock          WNS(ns)      TNS(ns)  TNS Failing Endpoints  TNS Total Endpoints      WHS(ns)      THS(ns)  THS Failing Endpoints  THS Total Endpoints  
----------    ----------    --------          -------      -------  ---------------------  -------------------      -------      -------  ---------------------  -------------------  


------------------------------------------------------------------------------------------------
| Timing Details
| --------------
------------------------------------------------------------------------------------------------


# write_bitstream -force alu.bit 
Command: write_bitstream -force alu.bit
Attempting to get a license for feature 'Implementation' and/or device 'xc7a100t'
INFO: [Common 17-349] Got license for feature 'Implementation' and/or device 'xc7a100t'
Running DRC as a precondition to command write_bitstream
INFO: [IP_Flow 19-234] Refreshing IP repositories
INFO: [IP_Flow 19-1704] No user IP repositories specified
INFO: [IP_Flow 19-2313] Loaded Vivado IP repository '/CMC/tools/xilinx/Vivado_2018.2/Vivado/2018.2/data/ip'.
INFO: [DRC 23-27] Running DRC with 8 threads
ERROR: [DRC NSTD-1] Unspecified I/O Standard: 11 out of 18 logical ports use I/O standard (IOSTANDARD) value 'DEFAULT', instead of a user assigned specific value. This may cause I/O contention or incompatibility with the board power or connectivity affecting performance, signal integrity or in extreme cases cause damage to the device or the components to which it is connected. To correct this violation, specify all I/O standards. This design will fail to generate a bitstream unless all logical ports have a user specified I/O standard value defined. To allow bitstream creation with unspecified I/O standard values (not recommended), use this command: set_property SEVERITY {Warning} [get_drc_checks NSTD-1].  NOTE: When using the Vivado Runs infrastructure (e.g. launch_runs Tcl command), add this command to a .tcl file and add that file as a pre-hook for write_bitstream step for the implementation run. Problem ports: output_out[3:0], x_in[3:0], y_in[3], y_in[1], and y_in[0].
ERROR: [DRC UCIO-1] Unconstrained Logical Port: 18 out of 18 logical ports have no user assigned specific location constraint (LOC). This may cause I/O contention or incompatibility with the board power or connectivity affecting performance, signal integrity or in extreme cases cause damage to the device or the components to which it is connected. To correct this violation, specify all pin locations. This design will fail to generate a bitstream unless all logical ports have a user specified site LOC constraint defined.  To allow bitstream creation with unspecified pin locations (not recommended), use this command: set_property SEVERITY {Warning} [get_drc_checks UCIO-1].  NOTE: When using the Vivado Runs infrastructure (e.g. launch_runs Tcl command), add this command to a .tcl file and add that file as a pre-hook for write_bitstream step for the implementation run.  Problem ports: func[1:0], logic_func[1:0], output_out[3:0], x_in[3:0], y_in[3], y_in[1], y_in[0], add_sub, overflow, and zero.
WARNING: [DRC CFGBVS-1] Missing CFGBVS and CONFIG_VOLTAGE Design Properties: Neither the CFGBVS nor CONFIG_VOLTAGE voltage property is set in the current_design.  Configuration bank voltage select (CFGBVS) must be set to VCCO or GND, and CONFIG_VOLTAGE must be set to the correct configuration voltage, in order to determine the I/O voltage support for the pins in bank 0.  It is suggested to specify these either using the 'Edit Device Properties' function in the GUI or directly in the XDC file using the following syntax:

 set_property CFGBVS value1 [current_design]
 #where value1 is either VCCO or GND

 set_property CONFIG_VOLTAGE value2 [current_design]
 #where value2 is the voltage provided to configuration bank 0

Refer to the device configuration user guide for more information.
INFO: [Vivado 12-3199] DRC finished with 2 Errors, 1 Warnings
INFO: [Vivado 12-3200] Please refer to the DRC report (report_drc) for more information.
ERROR: [Vivado 12-1345] Error(s) found during DRC. Bitgen not run.
INFO: [Common 17-83] Releasing license: Implementation
8 Infos, 1 Warnings, 0 Critical Warnings and 3 Errors encountered.
write_bitstream failed
write_bitstream: Time (s): cpu = 00:00:04 ; elapsed = 00:00:08 . Memory (MB): peak = 2602.648 ; gain = 124.043 ; free physical = 69221 ; free virtual = 153531
ERROR: [Common 17-39] 'write_bitstream' failed due to earlier errors.

    while executing
"write_bitstream -force alu.bit "
    (file "alu.tcl" line 25)
INFO: [Common 17-206] Exiting Vivado at Wed Oct  6 13:46:15 2021...
