#-----------------------------------------------------------
# Vivado v2018.2 (64-bit)
# SW Build 2258646 on Thu Jun 14 20:02:38 MDT 2018
# IP Build 2256618 on Thu Jun 14 22:10:49 MDT 2018
# Start of session at: Tue Oct 26 15:42:58 2021
# Process ID: 30957
# Current directory: /nfs/home/n/n_kawwas/COEN316/lab2/VHDL
# Command line: vivado -log regfile.log -mode batch -source regfile.tcl
# Log file: /nfs/home/n/n_kawwas/COEN316/lab2/VHDL/regfile.log
# Journal file: /nfs/home/n/n_kawwas/COEN316/lab2/VHDL/vivado.jou
#-----------------------------------------------------------
source regfile.tcl
# read_vhdl { ./regfile_board.vhd ./regfile_comp.vhd }
# read_xdc ./regfile.xdc
# synth_design -top regfile_board -part xc7a100tcsg324-1
Command: synth_design -top regfile_board -part xc7a100tcsg324-1
Starting synth_design
Attempting to get a license for feature 'Synthesis' and/or device 'xc7a100t'
INFO: [Common 17-349] Got license for feature 'Synthesis' and/or device 'xc7a100t'
INFO: Launching helper process for spawning children vivado processes
INFO: Helper process launched with PID 30973 
---------------------------------------------------------------------------------
Starting RTL Elaboration : Time (s): cpu = 00:00:01 ; elapsed = 00:00:02 . Memory (MB): peak = 1401.086 ; gain = 85.805 ; free physical = 11009 ; free virtual = 23725
---------------------------------------------------------------------------------
INFO: [Synth 8-638] synthesizing module 'regfile_board' [/nfs/home/n/n_kawwas/COEN316/lab2/VHDL/regfile_board.vhd:18]
INFO: [Synth 8-3491] module 'regfile' declared at '/nfs/home/n/n_kawwas/COEN316/lab2/VHDL/regfile_comp.vhd:10' bound to instance 'regfile_comp' of component 'regfile' [/nfs/home/n/n_kawwas/COEN316/lab2/VHDL/regfile_board.vhd:48]
INFO: [Synth 8-638] synthesizing module 'regfile' [/nfs/home/n/n_kawwas/COEN316/lab2/VHDL/regfile_comp.vhd:19]
INFO: [Synth 8-256] done synthesizing module 'regfile' (1#1) [/nfs/home/n/n_kawwas/COEN316/lab2/VHDL/regfile_comp.vhd:19]
INFO: [Synth 8-256] done synthesizing module 'regfile_board' (2#1) [/nfs/home/n/n_kawwas/COEN316/lab2/VHDL/regfile_board.vhd:18]
---------------------------------------------------------------------------------
Finished RTL Elaboration : Time (s): cpu = 00:00:02 ; elapsed = 00:00:03 . Memory (MB): peak = 1445.727 ; gain = 130.445 ; free physical = 11019 ; free virtual = 23735
---------------------------------------------------------------------------------

Report Check Netlist: 
+------+------------------+-------+---------+-------+------------------+
|      |Item              |Errors |Warnings |Status |Description       |
+------+------------------+-------+---------+-------+------------------+
|1     |multi_driven_nets |      0|        0|Passed |Multi driven nets |
+------+------------------+-------+---------+-------+------------------+
---------------------------------------------------------------------------------
Start Handling Custom Attributes
---------------------------------------------------------------------------------
---------------------------------------------------------------------------------
Finished Handling Custom Attributes : Time (s): cpu = 00:00:02 ; elapsed = 00:00:04 . Memory (MB): peak = 1445.727 ; gain = 130.445 ; free physical = 11021 ; free virtual = 23737
---------------------------------------------------------------------------------
---------------------------------------------------------------------------------
Finished RTL Optimization Phase 1 : Time (s): cpu = 00:00:02 ; elapsed = 00:00:04 . Memory (MB): peak = 1445.727 ; gain = 130.445 ; free physical = 11021 ; free virtual = 23737
---------------------------------------------------------------------------------
INFO: [Device 21-403] Loading part xc7a100tcsg324-1
INFO: [Project 1-570] Preparing netlist for logic optimization

Processing XDC Constraints
Initializing timing engine
Parsing XDC File [/nfs/home/n/n_kawwas/COEN316/lab2/VHDL/regfile.xdc]
Finished Parsing XDC File [/nfs/home/n/n_kawwas/COEN316/lab2/VHDL/regfile.xdc]
INFO: [Project 1-236] Implementation specific constraints were found while reading constraint file [/nfs/home/n/n_kawwas/COEN316/lab2/VHDL/regfile.xdc]. These constraints will be ignored for synthesis but will be used in implementation. Impacted constraints are listed in the file [.Xil/regfile_board_propImpl.xdc].
Resolution: To avoid this warning, move constraints listed in [.Xil/regfile_board_propImpl.xdc] to another XDC file and exclude this new file from synthesis with the used_in_synthesis property (File Properties dialog in GUI) and re-run elaboration/synthesis.
Completed Processing XDC Constraints

INFO: [Project 1-111] Unisim Transformation Summary:
No Unisim elements were transformed.

Constraint Validation Runtime : Time (s): cpu = 00:00:00 ; elapsed = 00:00:00.01 . Memory (MB): peak = 1836.477 ; gain = 0.000 ; free physical = 10744 ; free virtual = 23460
---------------------------------------------------------------------------------
Finished Constraint Validation : Time (s): cpu = 00:00:10 ; elapsed = 00:00:35 . Memory (MB): peak = 1836.477 ; gain = 521.195 ; free physical = 10832 ; free virtual = 23548
---------------------------------------------------------------------------------
---------------------------------------------------------------------------------
Start Loading Part and Timing Information
---------------------------------------------------------------------------------
Loading part: xc7a100tcsg324-1
---------------------------------------------------------------------------------
Finished Loading Part and Timing Information : Time (s): cpu = 00:00:10 ; elapsed = 00:00:35 . Memory (MB): peak = 1836.477 ; gain = 521.195 ; free physical = 10832 ; free virtual = 23548
---------------------------------------------------------------------------------
---------------------------------------------------------------------------------
Start Applying 'set_property' XDC Constraints
---------------------------------------------------------------------------------
---------------------------------------------------------------------------------
Finished applying 'set_property' XDC Constraints : Time (s): cpu = 00:00:10 ; elapsed = 00:00:35 . Memory (MB): peak = 1836.477 ; gain = 521.195 ; free physical = 10834 ; free virtual = 23550
---------------------------------------------------------------------------------
INFO: [Synth 8-5546] ROM "regs_reg[0]" won't be mapped to RAM because it is too sparse
INFO: [Synth 8-5546] ROM "regs_reg[1]" won't be mapped to RAM because it is too sparse
INFO: [Synth 8-5546] ROM "regs_reg[2]" won't be mapped to RAM because it is too sparse
INFO: [Synth 8-5546] ROM "regs_reg[3]" won't be mapped to RAM because it is too sparse
INFO: [Synth 8-5546] ROM "regs_reg[4]" won't be mapped to RAM because it is too sparse
INFO: [Synth 8-5546] ROM "regs_reg[5]" won't be mapped to RAM because it is too sparse
INFO: [Synth 8-5546] ROM "regs_reg[6]" won't be mapped to RAM because it is too sparse
INFO: [Synth 8-5546] ROM "regs_reg[7]" won't be mapped to RAM because it is too sparse
INFO: [Synth 8-5546] ROM "regs_reg[8]" won't be mapped to RAM because it is too sparse
INFO: [Synth 8-5546] ROM "regs_reg[9]" won't be mapped to RAM because it is too sparse
INFO: [Synth 8-5546] ROM "regs_reg[10]" won't be mapped to RAM because it is too sparse
INFO: [Synth 8-5546] ROM "regs_reg[11]" won't be mapped to RAM because it is too sparse
INFO: [Synth 8-5546] ROM "regs_reg[12]" won't be mapped to RAM because it is too sparse
INFO: [Synth 8-5546] ROM "regs_reg[13]" won't be mapped to RAM because it is too sparse
INFO: [Synth 8-5546] ROM "regs_reg[14]" won't be mapped to RAM because it is too sparse
INFO: [Synth 8-5546] ROM "regs_reg[15]" won't be mapped to RAM because it is too sparse
INFO: [Synth 8-5546] ROM "regs_reg[16]" won't be mapped to RAM because it is too sparse
INFO: [Synth 8-5546] ROM "regs_reg[17]" won't be mapped to RAM because it is too sparse
INFO: [Synth 8-5546] ROM "regs_reg[18]" won't be mapped to RAM because it is too sparse
INFO: [Synth 8-5546] ROM "regs_reg[19]" won't be mapped to RAM because it is too sparse
INFO: [Synth 8-5546] ROM "regs_reg[20]" won't be mapped to RAM because it is too sparse
INFO: [Synth 8-5546] ROM "regs_reg[21]" won't be mapped to RAM because it is too sparse
INFO: [Synth 8-5546] ROM "regs_reg[22]" won't be mapped to RAM because it is too sparse
INFO: [Synth 8-5546] ROM "regs_reg[23]" won't be mapped to RAM because it is too sparse
INFO: [Synth 8-5546] ROM "regs_reg[24]" won't be mapped to RAM because it is too sparse
INFO: [Synth 8-5546] ROM "regs_reg[25]" won't be mapped to RAM because it is too sparse
INFO: [Synth 8-5546] ROM "regs_reg[26]" won't be mapped to RAM because it is too sparse
INFO: [Synth 8-5546] ROM "regs_reg[27]" won't be mapped to RAM because it is too sparse
INFO: [Synth 8-5546] ROM "regs_reg[28]" won't be mapped to RAM because it is too sparse
INFO: [Synth 8-5546] ROM "regs_reg[29]" won't be mapped to RAM because it is too sparse
INFO: [Synth 8-5546] ROM "regs_reg[30]" won't be mapped to RAM because it is too sparse
INFO: [Synth 8-5546] ROM "regs_reg[31]" won't be mapped to RAM because it is too sparse
---------------------------------------------------------------------------------
Finished RTL Optimization Phase 2 : Time (s): cpu = 00:00:10 ; elapsed = 00:00:35 . Memory (MB): peak = 1836.477 ; gain = 521.195 ; free physical = 10824 ; free virtual = 23541
---------------------------------------------------------------------------------

Report RTL Partitions: 
+-+--------------+------------+----------+
| |RTL Partition |Replication |Instances |
+-+--------------+------------+----------+
+-+--------------+------------+----------+
---------------------------------------------------------------------------------
Start RTL Component Statistics 
---------------------------------------------------------------------------------
Detailed RTL Component Info : 
+---Registers : 
	               32 Bit    Registers := 32    
+---Muxes : 
	   2 Input      1 Bit        Muxes := 32    
---------------------------------------------------------------------------------
Finished RTL Component Statistics 
---------------------------------------------------------------------------------
---------------------------------------------------------------------------------
Start RTL Hierarchical Component Statistics 
---------------------------------------------------------------------------------
Hierarchical RTL Component report 
Module regfile 
Detailed RTL Component Info : 
+---Registers : 
	               32 Bit    Registers := 32    
+---Muxes : 
	   2 Input      1 Bit        Muxes := 32    
---------------------------------------------------------------------------------
Finished RTL Hierarchical Component Statistics
---------------------------------------------------------------------------------
---------------------------------------------------------------------------------
Start Part Resource Summary
---------------------------------------------------------------------------------
Part Resources:
DSPs: 240 (col length:80)
BRAMs: 270 (col length: RAMB18 80 RAMB36 40)
---------------------------------------------------------------------------------
Finished Part Resource Summary
---------------------------------------------------------------------------------
---------------------------------------------------------------------------------
Start Cross Boundary and Area Optimization
---------------------------------------------------------------------------------
Warning: Parallel synthesis criteria is not met 
INFO: [Synth 8-3886] merging instance 'regfile_comp/regs_reg[31][0]' (FDCE) to 'regfile_comp/regs_reg[30][0]'
INFO: [Synth 8-3886] merging instance 'regfile_comp/regs_reg[30][0]' (FDCE) to 'regfile_comp/regs_reg[28][0]'
INFO: [Synth 8-3886] merging instance 'regfile_comp/regs_reg[29][0]' (FDCE) to 'regfile_comp/regs_reg[28][0]'
INFO: [Synth 8-3886] merging instance 'regfile_comp/regs_reg[28][0]' (FDCE) to 'regfile_comp/regs_reg[26][0]'
INFO: [Synth 8-3886] merging instance 'regfile_comp/regs_reg[27][0]' (FDCE) to 'regfile_comp/regs_reg[26][0]'
INFO: [Synth 8-3886] merging instance 'regfile_comp/regs_reg[26][0]' (FDCE) to 'regfile_comp/regs_reg[24][0]'
INFO: [Synth 8-3886] merging instance 'regfile_comp/regs_reg[25][0]' (FDCE) to 'regfile_comp/regs_reg[24][0]'
INFO: [Synth 8-3886] merging instance 'regfile_comp/regs_reg[24][0]' (FDCE) to 'regfile_comp/regs_reg[22][0]'
INFO: [Synth 8-3886] merging instance 'regfile_comp/regs_reg[23][0]' (FDCE) to 'regfile_comp/regs_reg[22][0]'
INFO: [Synth 8-3886] merging instance 'regfile_comp/regs_reg[22][0]' (FDCE) to 'regfile_comp/regs_reg[20][0]'
INFO: [Synth 8-3886] merging instance 'regfile_comp/regs_reg[21][0]' (FDCE) to 'regfile_comp/regs_reg[20][0]'
INFO: [Synth 8-3886] merging instance 'regfile_comp/regs_reg[20][0]' (FDCE) to 'regfile_comp/regs_reg[18][0]'
INFO: [Synth 8-3886] merging instance 'regfile_comp/regs_reg[19][0]' (FDCE) to 'regfile_comp/regs_reg[18][0]'
INFO: [Synth 8-3886] merging instance 'regfile_comp/regs_reg[18][0]' (FDCE) to 'regfile_comp/regs_reg[16][0]'
INFO: [Synth 8-3886] merging instance 'regfile_comp/regs_reg[17][0]' (FDCE) to 'regfile_comp/regs_reg[16][0]'
INFO: [Synth 8-3886] merging instance 'regfile_comp/regs_reg[16][0]' (FDCE) to 'regfile_comp/regs_reg[14][0]'
INFO: [Synth 8-3886] merging instance 'regfile_comp/regs_reg[15][0]' (FDCE) to 'regfile_comp/regs_reg[14][0]'
INFO: [Synth 8-3886] merging instance 'regfile_comp/regs_reg[14][0]' (FDCE) to 'regfile_comp/regs_reg[12][0]'
INFO: [Synth 8-3886] merging instance 'regfile_comp/regs_reg[13][0]' (FDCE) to 'regfile_comp/regs_reg[12][0]'
INFO: [Synth 8-3886] merging instance 'regfile_comp/regs_reg[12][0]' (FDCE) to 'regfile_comp/regs_reg[10][0]'
INFO: [Synth 8-3886] merging instance 'regfile_comp/regs_reg[11][0]' (FDCE) to 'regfile_comp/regs_reg[10][0]'
INFO: [Synth 8-3886] merging instance 'regfile_comp/regs_reg[10][0]' (FDCE) to 'regfile_comp/regs_reg[8][0]'
INFO: [Synth 8-3886] merging instance 'regfile_comp/regs_reg[9][0]' (FDCE) to 'regfile_comp/regs_reg[8][0]'
INFO: [Synth 8-3886] merging instance 'regfile_comp/regs_reg[8][0]' (FDCE) to 'regfile_comp/regs_reg[6][0]'
INFO: [Synth 8-3886] merging instance 'regfile_comp/regs_reg[7][0]' (FDCE) to 'regfile_comp/regs_reg[6][0]'
INFO: [Synth 8-3886] merging instance 'regfile_comp/regs_reg[6][0]' (FDCE) to 'regfile_comp/regs_reg[4][0]'
INFO: [Synth 8-3886] merging instance 'regfile_comp/regs_reg[5][0]' (FDCE) to 'regfile_comp/regs_reg[4][0]'
INFO: [Synth 8-3333] propagating constant 0 across sequential element (\regfile_comp/regs_reg[4][0] )
INFO: [Synth 8-3886] merging instance 'regfile_comp/regs_reg[31][1]' (FDCE) to 'regfile_comp/regs_reg[30][1]'
INFO: [Synth 8-3886] merging instance 'regfile_comp/regs_reg[30][1]' (FDCE) to 'regfile_comp/regs_reg[28][1]'
INFO: [Synth 8-3886] merging instance 'regfile_comp/regs_reg[29][1]' (FDCE) to 'regfile_comp/regs_reg[28][1]'
INFO: [Synth 8-3886] merging instance 'regfile_comp/regs_reg[28][1]' (FDCE) to 'regfile_comp/regs_reg[26][1]'
INFO: [Synth 8-3886] merging instance 'regfile_comp/regs_reg[27][1]' (FDCE) to 'regfile_comp/regs_reg[26][1]'
INFO: [Synth 8-3886] merging instance 'regfile_comp/regs_reg[26][1]' (FDCE) to 'regfile_comp/regs_reg[24][1]'
INFO: [Synth 8-3886] merging instance 'regfile_comp/regs_reg[25][1]' (FDCE) to 'regfile_comp/regs_reg[24][1]'
INFO: [Synth 8-3886] merging instance 'regfile_comp/regs_reg[24][1]' (FDCE) to 'regfile_comp/regs_reg[22][1]'
INFO: [Synth 8-3886] merging instance 'regfile_comp/regs_reg[23][1]' (FDCE) to 'regfile_comp/regs_reg[22][1]'
INFO: [Synth 8-3886] merging instance 'regfile_comp/regs_reg[22][1]' (FDCE) to 'regfile_comp/regs_reg[20][1]'
INFO: [Synth 8-3886] merging instance 'regfile_comp/regs_reg[21][1]' (FDCE) to 'regfile_comp/regs_reg[20][1]'
INFO: [Synth 8-3886] merging instance 'regfile_comp/regs_reg[20][1]' (FDCE) to 'regfile_comp/regs_reg[18][1]'
INFO: [Synth 8-3886] merging instance 'regfile_comp/regs_reg[19][1]' (FDCE) to 'regfile_comp/regs_reg[18][1]'
INFO: [Synth 8-3886] merging instance 'regfile_comp/regs_reg[18][1]' (FDCE) to 'regfile_comp/regs_reg[16][1]'
INFO: [Synth 8-3886] merging instance 'regfile_comp/regs_reg[17][1]' (FDCE) to 'regfile_comp/regs_reg[16][1]'
INFO: [Synth 8-3886] merging instance 'regfile_comp/regs_reg[16][1]' (FDCE) to 'regfile_comp/regs_reg[14][1]'
INFO: [Synth 8-3886] merging instance 'regfile_comp/regs_reg[15][1]' (FDCE) to 'regfile_comp/regs_reg[14][1]'
INFO: [Synth 8-3886] merging instance 'regfile_comp/regs_reg[14][1]' (FDCE) to 'regfile_comp/regs_reg[12][1]'
INFO: [Synth 8-3886] merging instance 'regfile_comp/regs_reg[13][1]' (FDCE) to 'regfile_comp/regs_reg[12][1]'
INFO: [Synth 8-3886] merging instance 'regfile_comp/regs_reg[12][1]' (FDCE) to 'regfile_comp/regs_reg[10][1]'
INFO: [Synth 8-3886] merging instance 'regfile_comp/regs_reg[11][1]' (FDCE) to 'regfile_comp/regs_reg[10][1]'
INFO: [Synth 8-3886] merging instance 'regfile_comp/regs_reg[10][1]' (FDCE) to 'regfile_comp/regs_reg[8][1]'
INFO: [Synth 8-3886] merging instance 'regfile_comp/regs_reg[9][1]' (FDCE) to 'regfile_comp/regs_reg[8][1]'
INFO: [Synth 8-3886] merging instance 'regfile_comp/regs_reg[8][1]' (FDCE) to 'regfile_comp/regs_reg[6][1]'
INFO: [Synth 8-3886] merging instance 'regfile_comp/regs_reg[7][1]' (FDCE) to 'regfile_comp/regs_reg[6][1]'
INFO: [Synth 8-3886] merging instance 'regfile_comp/regs_reg[6][1]' (FDCE) to 'regfile_comp/regs_reg[4][1]'
INFO: [Synth 8-3886] merging instance 'regfile_comp/regs_reg[5][1]' (FDCE) to 'regfile_comp/regs_reg[4][1]'
INFO: [Synth 8-3333] propagating constant 0 across sequential element (\regfile_comp/regs_reg[4][1] )
INFO: [Synth 8-3886] merging instance 'regfile_comp/regs_reg[31][2]' (FDCE) to 'regfile_comp/regs_reg[30][2]'
INFO: [Synth 8-3886] merging instance 'regfile_comp/regs_reg[30][2]' (FDCE) to 'regfile_comp/regs_reg[28][2]'
INFO: [Synth 8-3886] merging instance 'regfile_comp/regs_reg[29][2]' (FDCE) to 'regfile_comp/regs_reg[28][2]'
INFO: [Synth 8-3886] merging instance 'regfile_comp/regs_reg[28][2]' (FDCE) to 'regfile_comp/regs_reg[26][2]'
INFO: [Synth 8-3886] merging instance 'regfile_comp/regs_reg[27][2]' (FDCE) to 'regfile_comp/regs_reg[26][2]'
INFO: [Synth 8-3886] merging instance 'regfile_comp/regs_reg[26][2]' (FDCE) to 'regfile_comp/regs_reg[24][2]'
INFO: [Synth 8-3886] merging instance 'regfile_comp/regs_reg[25][2]' (FDCE) to 'regfile_comp/regs_reg[24][2]'
INFO: [Synth 8-3886] merging instance 'regfile_comp/regs_reg[24][2]' (FDCE) to 'regfile_comp/regs_reg[22][2]'
INFO: [Synth 8-3886] merging instance 'regfile_comp/regs_reg[23][2]' (FDCE) to 'regfile_comp/regs_reg[22][2]'
INFO: [Synth 8-3886] merging instance 'regfile_comp/regs_reg[22][2]' (FDCE) to 'regfile_comp/regs_reg[20][2]'
INFO: [Synth 8-3886] merging instance 'regfile_comp/regs_reg[21][2]' (FDCE) to 'regfile_comp/regs_reg[20][2]'
INFO: [Synth 8-3886] merging instance 'regfile_comp/regs_reg[20][2]' (FDCE) to 'regfile_comp/regs_reg[18][2]'
INFO: [Synth 8-3886] merging instance 'regfile_comp/regs_reg[19][2]' (FDCE) to 'regfile_comp/regs_reg[18][2]'
INFO: [Synth 8-3886] merging instance 'regfile_comp/regs_reg[18][2]' (FDCE) to 'regfile_comp/regs_reg[16][2]'
INFO: [Synth 8-3886] merging instance 'regfile_comp/regs_reg[17][2]' (FDCE) to 'regfile_comp/regs_reg[16][2]'
INFO: [Synth 8-3886] merging instance 'regfile_comp/regs_reg[16][2]' (FDCE) to 'regfile_comp/regs_reg[14][2]'
INFO: [Synth 8-3886] merging instance 'regfile_comp/regs_reg[15][2]' (FDCE) to 'regfile_comp/regs_reg[14][2]'
INFO: [Synth 8-3886] merging instance 'regfile_comp/regs_reg[14][2]' (FDCE) to 'regfile_comp/regs_reg[12][2]'
INFO: [Synth 8-3886] merging instance 'regfile_comp/regs_reg[13][2]' (FDCE) to 'regfile_comp/regs_reg[12][2]'
INFO: [Synth 8-3886] merging instance 'regfile_comp/regs_reg[12][2]' (FDCE) to 'regfile_comp/regs_reg[10][2]'
INFO: [Synth 8-3886] merging instance 'regfile_comp/regs_reg[11][2]' (FDCE) to 'regfile_comp/regs_reg[10][2]'
INFO: [Synth 8-3886] merging instance 'regfile_comp/regs_reg[10][2]' (FDCE) to 'regfile_comp/regs_reg[8][2]'
INFO: [Synth 8-3886] merging instance 'regfile_comp/regs_reg[9][2]' (FDCE) to 'regfile_comp/regs_reg[8][2]'
INFO: [Synth 8-3886] merging instance 'regfile_comp/regs_reg[8][2]' (FDCE) to 'regfile_comp/regs_reg[6][2]'
INFO: [Synth 8-3886] merging instance 'regfile_comp/regs_reg[7][2]' (FDCE) to 'regfile_comp/regs_reg[6][2]'
INFO: [Synth 8-3886] merging instance 'regfile_comp/regs_reg[6][2]' (FDCE) to 'regfile_comp/regs_reg[4][2]'
INFO: [Synth 8-3886] merging instance 'regfile_comp/regs_reg[5][2]' (FDCE) to 'regfile_comp/regs_reg[4][2]'
INFO: [Synth 8-3333] propagating constant 0 across sequential element (\regfile_comp/regs_reg[4][2] )
INFO: [Synth 8-3886] merging instance 'regfile_comp/regs_reg[31][3]' (FDCE) to 'regfile_comp/regs_reg[30][3]'
INFO: [Synth 8-3886] merging instance 'regfile_comp/regs_reg[30][3]' (FDCE) to 'regfile_comp/regs_reg[28][3]'
INFO: [Synth 8-3886] merging instance 'regfile_comp/regs_reg[29][3]' (FDCE) to 'regfile_comp/regs_reg[28][3]'
INFO: [Synth 8-3886] merging instance 'regfile_comp/regs_reg[28][3]' (FDCE) to 'regfile_comp/regs_reg[26][3]'
INFO: [Synth 8-3886] merging instance 'regfile_comp/regs_reg[27][3]' (FDCE) to 'regfile_comp/regs_reg[26][3]'
INFO: [Synth 8-3886] merging instance 'regfile_comp/regs_reg[26][3]' (FDCE) to 'regfile_comp/regs_reg[24][3]'
INFO: [Synth 8-3886] merging instance 'regfile_comp/regs_reg[25][3]' (FDCE) to 'regfile_comp/regs_reg[24][3]'
INFO: [Synth 8-3886] merging instance 'regfile_comp/regs_reg[24][3]' (FDCE) to 'regfile_comp/regs_reg[22][3]'
INFO: [Synth 8-3886] merging instance 'regfile_comp/regs_reg[23][3]' (FDCE) to 'regfile_comp/regs_reg[22][3]'
INFO: [Synth 8-3886] merging instance 'regfile_comp/regs_reg[22][3]' (FDCE) to 'regfile_comp/regs_reg[20][3]'
INFO: [Synth 8-3886] merging instance 'regfile_comp/regs_reg[21][3]' (FDCE) to 'regfile_comp/regs_reg[20][3]'
INFO: [Synth 8-3886] merging instance 'regfile_comp/regs_reg[20][3]' (FDCE) to 'regfile_comp/regs_reg[18][3]'
INFO: [Synth 8-3886] merging instance 'regfile_comp/regs_reg[19][3]' (FDCE) to 'regfile_comp/regs_reg[18][3]'
INFO: [Synth 8-3886] merging instance 'regfile_comp/regs_reg[18][3]' (FDCE) to 'regfile_comp/regs_reg[16][3]'
INFO: [Synth 8-3886] merging instance 'regfile_comp/regs_reg[17][3]' (FDCE) to 'regfile_comp/regs_reg[16][3]'
INFO: [Synth 8-3886] merging instance 'regfile_comp/regs_reg[16][3]' (FDCE) to 'regfile_comp/regs_reg[14][3]'
INFO: [Synth 8-3886] merging instance 'regfile_comp/regs_reg[15][3]' (FDCE) to 'regfile_comp/regs_reg[14][3]'
INFO: [Synth 8-3886] merging instance 'regfile_comp/regs_reg[14][3]' (FDCE) to 'regfile_comp/regs_reg[12][3]'
INFO: [Synth 8-3886] merging instance 'regfile_comp/regs_reg[13][3]' (FDCE) to 'regfile_comp/regs_reg[12][3]'
INFO: [Common 17-14] Message 'Synth 8-3886' appears 100 times and further instances of the messages will be disabled. Use the Tcl command set_msg_config to change the current settings.
INFO: [Synth 8-3333] propagating constant 0 across sequential element (\regfile_comp/regs_reg[4][3] )
WARNING: [Synth 8-3332] Sequential element (regfile_comp/regs_reg[0][31]) is unused and will be removed from module regfile_board.
WARNING: [Synth 8-3332] Sequential element (regfile_comp/regs_reg[0][30]) is unused and will be removed from module regfile_board.
WARNING: [Synth 8-3332] Sequential element (regfile_comp/regs_reg[0][29]) is unused and will be removed from module regfile_board.
WARNING: [Synth 8-3332] Sequential element (regfile_comp/regs_reg[0][28]) is unused and will be removed from module regfile_board.
WARNING: [Synth 8-3332] Sequential element (regfile_comp/regs_reg[0][27]) is unused and will be removed from module regfile_board.
WARNING: [Synth 8-3332] Sequential element (regfile_comp/regs_reg[0][26]) is unused and will be removed from module regfile_board.
WARNING: [Synth 8-3332] Sequential element (regfile_comp/regs_reg[0][25]) is unused and will be removed from module regfile_board.
WARNING: [Synth 8-3332] Sequential element (regfile_comp/regs_reg[0][24]) is unused and will be removed from module regfile_board.
WARNING: [Synth 8-3332] Sequential element (regfile_comp/regs_reg[0][23]) is unused and will be removed from module regfile_board.
WARNING: [Synth 8-3332] Sequential element (regfile_comp/regs_reg[0][22]) is unused and will be removed from module regfile_board.
WARNING: [Synth 8-3332] Sequential element (regfile_comp/regs_reg[0][21]) is unused and will be removed from module regfile_board.
WARNING: [Synth 8-3332] Sequential element (regfile_comp/regs_reg[0][20]) is unused and will be removed from module regfile_board.
WARNING: [Synth 8-3332] Sequential element (regfile_comp/regs_reg[0][19]) is unused and will be removed from module regfile_board.
WARNING: [Synth 8-3332] Sequential element (regfile_comp/regs_reg[0][18]) is unused and will be removed from module regfile_board.
WARNING: [Synth 8-3332] Sequential element (regfile_comp/regs_reg[0][17]) is unused and will be removed from module regfile_board.
WARNING: [Synth 8-3332] Sequential element (regfile_comp/regs_reg[0][16]) is unused and will be removed from module regfile_board.
WARNING: [Synth 8-3332] Sequential element (regfile_comp/regs_reg[0][15]) is unused and will be removed from module regfile_board.
WARNING: [Synth 8-3332] Sequential element (regfile_comp/regs_reg[0][14]) is unused and will be removed from module regfile_board.
WARNING: [Synth 8-3332] Sequential element (regfile_comp/regs_reg[0][13]) is unused and will be removed from module regfile_board.
WARNING: [Synth 8-3332] Sequential element (regfile_comp/regs_reg[0][12]) is unused and will be removed from module regfile_board.
WARNING: [Synth 8-3332] Sequential element (regfile_comp/regs_reg[0][11]) is unused and will be removed from module regfile_board.
WARNING: [Synth 8-3332] Sequential element (regfile_comp/regs_reg[0][10]) is unused and will be removed from module regfile_board.
WARNING: [Synth 8-3332] Sequential element (regfile_comp/regs_reg[0][9]) is unused and will be removed from module regfile_board.
WARNING: [Synth 8-3332] Sequential element (regfile_comp/regs_reg[0][8]) is unused and will be removed from module regfile_board.
WARNING: [Synth 8-3332] Sequential element (regfile_comp/regs_reg[0][7]) is unused and will be removed from module regfile_board.
WARNING: [Synth 8-3332] Sequential element (regfile_comp/regs_reg[0][6]) is unused and will be removed from module regfile_board.
WARNING: [Synth 8-3332] Sequential element (regfile_comp/regs_reg[0][5]) is unused and will be removed from module regfile_board.
WARNING: [Synth 8-3332] Sequential element (regfile_comp/regs_reg[0][4]) is unused and will be removed from module regfile_board.
WARNING: [Synth 8-3332] Sequential element (regfile_comp/regs_reg[1][31]) is unused and will be removed from module regfile_board.
WARNING: [Synth 8-3332] Sequential element (regfile_comp/regs_reg[1][30]) is unused and will be removed from module regfile_board.
WARNING: [Synth 8-3332] Sequential element (regfile_comp/regs_reg[1][29]) is unused and will be removed from module regfile_board.
WARNING: [Synth 8-3332] Sequential element (regfile_comp/regs_reg[1][28]) is unused and will be removed from module regfile_board.
WARNING: [Synth 8-3332] Sequential element (regfile_comp/regs_reg[1][27]) is unused and will be removed from module regfile_board.
WARNING: [Synth 8-3332] Sequential element (regfile_comp/regs_reg[1][26]) is unused and will be removed from module regfile_board.
WARNING: [Synth 8-3332] Sequential element (regfile_comp/regs_reg[1][25]) is unused and will be removed from module regfile_board.
WARNING: [Synth 8-3332] Sequential element (regfile_comp/regs_reg[1][24]) is unused and will be removed from module regfile_board.
WARNING: [Synth 8-3332] Sequential element (regfile_comp/regs_reg[1][23]) is unused and will be removed from module regfile_board.
WARNING: [Synth 8-3332] Sequential element (regfile_comp/regs_reg[1][22]) is unused and will be removed from module regfile_board.
WARNING: [Synth 8-3332] Sequential element (regfile_comp/regs_reg[1][21]) is unused and will be removed from module regfile_board.
WARNING: [Synth 8-3332] Sequential element (regfile_comp/regs_reg[1][20]) is unused and will be removed from module regfile_board.
WARNING: [Synth 8-3332] Sequential element (regfile_comp/regs_reg[1][19]) is unused and will be removed from module regfile_board.
WARNING: [Synth 8-3332] Sequential element (regfile_comp/regs_reg[1][18]) is unused and will be removed from module regfile_board.
WARNING: [Synth 8-3332] Sequential element (regfile_comp/regs_reg[1][17]) is unused and will be removed from module regfile_board.
WARNING: [Synth 8-3332] Sequential element (regfile_comp/regs_reg[1][16]) is unused and will be removed from module regfile_board.
WARNING: [Synth 8-3332] Sequential element (regfile_comp/regs_reg[1][15]) is unused and will be removed from module regfile_board.
WARNING: [Synth 8-3332] Sequential element (regfile_comp/regs_reg[1][14]) is unused and will be removed from module regfile_board.
WARNING: [Synth 8-3332] Sequential element (regfile_comp/regs_reg[1][13]) is unused and will be removed from module regfile_board.
WARNING: [Synth 8-3332] Sequential element (regfile_comp/regs_reg[1][12]) is unused and will be removed from module regfile_board.
WARNING: [Synth 8-3332] Sequential element (regfile_comp/regs_reg[1][11]) is unused and will be removed from module regfile_board.
WARNING: [Synth 8-3332] Sequential element (regfile_comp/regs_reg[1][10]) is unused and will be removed from module regfile_board.
WARNING: [Synth 8-3332] Sequential element (regfile_comp/regs_reg[1][9]) is unused and will be removed from module regfile_board.
WARNING: [Synth 8-3332] Sequential element (regfile_comp/regs_reg[1][8]) is unused and will be removed from module regfile_board.
WARNING: [Synth 8-3332] Sequential element (regfile_comp/regs_reg[1][7]) is unused and will be removed from module regfile_board.
WARNING: [Synth 8-3332] Sequential element (regfile_comp/regs_reg[1][6]) is unused and will be removed from module regfile_board.
WARNING: [Synth 8-3332] Sequential element (regfile_comp/regs_reg[1][5]) is unused and will be removed from module regfile_board.
WARNING: [Synth 8-3332] Sequential element (regfile_comp/regs_reg[1][4]) is unused and will be removed from module regfile_board.
WARNING: [Synth 8-3332] Sequential element (regfile_comp/regs_reg[2][31]) is unused and will be removed from module regfile_board.
WARNING: [Synth 8-3332] Sequential element (regfile_comp/regs_reg[2][30]) is unused and will be removed from module regfile_board.
WARNING: [Synth 8-3332] Sequential element (regfile_comp/regs_reg[2][29]) is unused and will be removed from module regfile_board.
WARNING: [Synth 8-3332] Sequential element (regfile_comp/regs_reg[2][28]) is unused and will be removed from module regfile_board.
WARNING: [Synth 8-3332] Sequential element (regfile_comp/regs_reg[2][27]) is unused and will be removed from module regfile_board.
WARNING: [Synth 8-3332] Sequential element (regfile_comp/regs_reg[2][26]) is unused and will be removed from module regfile_board.
WARNING: [Synth 8-3332] Sequential element (regfile_comp/regs_reg[2][25]) is unused and will be removed from module regfile_board.
WARNING: [Synth 8-3332] Sequential element (regfile_comp/regs_reg[2][24]) is unused and will be removed from module regfile_board.
WARNING: [Synth 8-3332] Sequential element (regfile_comp/regs_reg[2][23]) is unused and will be removed from module regfile_board.
WARNING: [Synth 8-3332] Sequential element (regfile_comp/regs_reg[2][22]) is unused and will be removed from module regfile_board.
WARNING: [Synth 8-3332] Sequential element (regfile_comp/regs_reg[2][21]) is unused and will be removed from module regfile_board.
WARNING: [Synth 8-3332] Sequential element (regfile_comp/regs_reg[2][20]) is unused and will be removed from module regfile_board.
WARNING: [Synth 8-3332] Sequential element (regfile_comp/regs_reg[2][19]) is unused and will be removed from module regfile_board.
WARNING: [Synth 8-3332] Sequential element (regfile_comp/regs_reg[2][18]) is unused and will be removed from module regfile_board.
WARNING: [Synth 8-3332] Sequential element (regfile_comp/regs_reg[2][17]) is unused and will be removed from module regfile_board.
WARNING: [Synth 8-3332] Sequential element (regfile_comp/regs_reg[2][16]) is unused and will be removed from module regfile_board.
WARNING: [Synth 8-3332] Sequential element (regfile_comp/regs_reg[2][15]) is unused and will be removed from module regfile_board.
WARNING: [Synth 8-3332] Sequential element (regfile_comp/regs_reg[2][14]) is unused and will be removed from module regfile_board.
WARNING: [Synth 8-3332] Sequential element (regfile_comp/regs_reg[2][13]) is unused and will be removed from module regfile_board.
WARNING: [Synth 8-3332] Sequential element (regfile_comp/regs_reg[2][12]) is unused and will be removed from module regfile_board.
WARNING: [Synth 8-3332] Sequential element (regfile_comp/regs_reg[2][11]) is unused and will be removed from module regfile_board.
WARNING: [Synth 8-3332] Sequential element (regfile_comp/regs_reg[2][10]) is unused and will be removed from module regfile_board.
WARNING: [Synth 8-3332] Sequential element (regfile_comp/regs_reg[2][9]) is unused and will be removed from module regfile_board.
WARNING: [Synth 8-3332] Sequential element (regfile_comp/regs_reg[2][8]) is unused and will be removed from module regfile_board.
WARNING: [Synth 8-3332] Sequential element (regfile_comp/regs_reg[2][7]) is unused and will be removed from module regfile_board.
WARNING: [Synth 8-3332] Sequential element (regfile_comp/regs_reg[2][6]) is unused and will be removed from module regfile_board.
WARNING: [Synth 8-3332] Sequential element (regfile_comp/regs_reg[2][5]) is unused and will be removed from module regfile_board.
WARNING: [Synth 8-3332] Sequential element (regfile_comp/regs_reg[2][4]) is unused and will be removed from module regfile_board.
WARNING: [Synth 8-3332] Sequential element (regfile_comp/regs_reg[3][31]) is unused and will be removed from module regfile_board.
WARNING: [Synth 8-3332] Sequential element (regfile_comp/regs_reg[3][30]) is unused and will be removed from module regfile_board.
WARNING: [Synth 8-3332] Sequential element (regfile_comp/regs_reg[3][29]) is unused and will be removed from module regfile_board.
WARNING: [Synth 8-3332] Sequential element (regfile_comp/regs_reg[3][28]) is unused and will be removed from module regfile_board.
WARNING: [Synth 8-3332] Sequential element (regfile_comp/regs_reg[3][27]) is unused and will be removed from module regfile_board.
WARNING: [Synth 8-3332] Sequential element (regfile_comp/regs_reg[3][26]) is unused and will be removed from module regfile_board.
WARNING: [Synth 8-3332] Sequential element (regfile_comp/regs_reg[3][25]) is unused and will be removed from module regfile_board.
WARNING: [Synth 8-3332] Sequential element (regfile_comp/regs_reg[3][24]) is unused and will be removed from module regfile_board.
WARNING: [Synth 8-3332] Sequential element (regfile_comp/regs_reg[3][23]) is unused and will be removed from module regfile_board.
WARNING: [Synth 8-3332] Sequential element (regfile_comp/regs_reg[3][22]) is unused and will be removed from module regfile_board.
WARNING: [Synth 8-3332] Sequential element (regfile_comp/regs_reg[3][21]) is unused and will be removed from module regfile_board.
WARNING: [Synth 8-3332] Sequential element (regfile_comp/regs_reg[3][20]) is unused and will be removed from module regfile_board.
WARNING: [Synth 8-3332] Sequential element (regfile_comp/regs_reg[3][19]) is unused and will be removed from module regfile_board.
WARNING: [Synth 8-3332] Sequential element (regfile_comp/regs_reg[3][18]) is unused and will be removed from module regfile_board.
WARNING: [Synth 8-3332] Sequential element (regfile_comp/regs_reg[3][17]) is unused and will be removed from module regfile_board.
WARNING: [Synth 8-3332] Sequential element (regfile_comp/regs_reg[3][16]) is unused and will be removed from module regfile_board.
INFO: [Common 17-14] Message 'Synth 8-3332' appears 100 times and further instances of the messages will be disabled. Use the Tcl command set_msg_config to change the current settings.
---------------------------------------------------------------------------------
Finished Cross Boundary and Area Optimization : Time (s): cpu = 00:00:10 ; elapsed = 00:00:36 . Memory (MB): peak = 1836.477 ; gain = 521.195 ; free physical = 10812 ; free virtual = 23530
---------------------------------------------------------------------------------

Report RTL Partitions: 
+-+--------------+------------+----------+
| |RTL Partition |Replication |Instances |
+-+--------------+------------+----------+
+-+--------------+------------+----------+
---------------------------------------------------------------------------------
Start Applying XDC Timing Constraints
---------------------------------------------------------------------------------
---------------------------------------------------------------------------------
Finished Applying XDC Timing Constraints : Time (s): cpu = 00:00:15 ; elapsed = 00:00:45 . Memory (MB): peak = 1836.477 ; gain = 521.195 ; free physical = 10690 ; free virtual = 23409
---------------------------------------------------------------------------------
---------------------------------------------------------------------------------
Start Timing Optimization
---------------------------------------------------------------------------------
---------------------------------------------------------------------------------
Finished Timing Optimization : Time (s): cpu = 00:00:15 ; elapsed = 00:00:45 . Memory (MB): peak = 1836.477 ; gain = 521.195 ; free physical = 10690 ; free virtual = 23409
---------------------------------------------------------------------------------

Report RTL Partitions: 
+-+--------------+------------+----------+
| |RTL Partition |Replication |Instances |
+-+--------------+------------+----------+
+-+--------------+------------+----------+
---------------------------------------------------------------------------------
Start Technology Mapping
---------------------------------------------------------------------------------
---------------------------------------------------------------------------------
Finished Technology Mapping : Time (s): cpu = 00:00:15 ; elapsed = 00:00:45 . Memory (MB): peak = 1836.477 ; gain = 521.195 ; free physical = 10690 ; free virtual = 23409
---------------------------------------------------------------------------------

Report RTL Partitions: 
+-+--------------+------------+----------+
| |RTL Partition |Replication |Instances |
+-+--------------+------------+----------+
+-+--------------+------------+----------+
---------------------------------------------------------------------------------
Start IO Insertion
---------------------------------------------------------------------------------
---------------------------------------------------------------------------------
Start Flattening Before IO Insertion
---------------------------------------------------------------------------------
---------------------------------------------------------------------------------
Finished Flattening Before IO Insertion
---------------------------------------------------------------------------------
---------------------------------------------------------------------------------
Start Final Netlist Cleanup
---------------------------------------------------------------------------------
---------------------------------------------------------------------------------
Finished Final Netlist Cleanup
---------------------------------------------------------------------------------
---------------------------------------------------------------------------------
Finished IO Insertion : Time (s): cpu = 00:00:15 ; elapsed = 00:00:46 . Memory (MB): peak = 1836.477 ; gain = 521.195 ; free physical = 10690 ; free virtual = 23409
---------------------------------------------------------------------------------

Report Check Netlist: 
+------+------------------+-------+---------+-------+------------------+
|      |Item              |Errors |Warnings |Status |Description       |
+------+------------------+-------+---------+-------+------------------+
|1     |multi_driven_nets |      0|        0|Passed |Multi driven nets |
+------+------------------+-------+---------+-------+------------------+
---------------------------------------------------------------------------------
Start Renaming Generated Instances
---------------------------------------------------------------------------------
---------------------------------------------------------------------------------
Finished Renaming Generated Instances : Time (s): cpu = 00:00:15 ; elapsed = 00:00:46 . Memory (MB): peak = 1836.477 ; gain = 521.195 ; free physical = 10690 ; free virtual = 23409
---------------------------------------------------------------------------------

Report RTL Partitions: 
+-+--------------+------------+----------+
| |RTL Partition |Replication |Instances |
+-+--------------+------------+----------+
+-+--------------+------------+----------+
---------------------------------------------------------------------------------
Start Rebuilding User Hierarchy
---------------------------------------------------------------------------------
---------------------------------------------------------------------------------
Finished Rebuilding User Hierarchy : Time (s): cpu = 00:00:15 ; elapsed = 00:00:46 . Memory (MB): peak = 1836.477 ; gain = 521.195 ; free physical = 10690 ; free virtual = 23409
---------------------------------------------------------------------------------
---------------------------------------------------------------------------------
Start Renaming Generated Ports
---------------------------------------------------------------------------------
---------------------------------------------------------------------------------
Finished Renaming Generated Ports : Time (s): cpu = 00:00:15 ; elapsed = 00:00:46 . Memory (MB): peak = 1836.477 ; gain = 521.195 ; free physical = 10690 ; free virtual = 23409
---------------------------------------------------------------------------------
---------------------------------------------------------------------------------
Start Handling Custom Attributes
---------------------------------------------------------------------------------
---------------------------------------------------------------------------------
Finished Handling Custom Attributes : Time (s): cpu = 00:00:15 ; elapsed = 00:00:46 . Memory (MB): peak = 1836.477 ; gain = 521.195 ; free physical = 10690 ; free virtual = 23409
---------------------------------------------------------------------------------
---------------------------------------------------------------------------------
Start Renaming Generated Nets
---------------------------------------------------------------------------------
---------------------------------------------------------------------------------
Finished Renaming Generated Nets : Time (s): cpu = 00:00:15 ; elapsed = 00:00:46 . Memory (MB): peak = 1836.477 ; gain = 521.195 ; free physical = 10690 ; free virtual = 23409
---------------------------------------------------------------------------------
---------------------------------------------------------------------------------
Start Writing Synthesis Report
---------------------------------------------------------------------------------

Report BlackBoxes: 
+-+--------------+----------+
| |BlackBox name |Instances |
+-+--------------+----------+
+-+--------------+----------+

Report Cell Usage: 
+------+-----+------+
|      |Cell |Count |
+------+-----+------+
|1     |BUFG |     1|
|2     |LUT3 |     4|
|3     |LUT6 |     8|
|4     |FDCE |    16|
|5     |IBUF |    13|
|6     |OBUF |     8|
+------+-----+------+

Report Instance Areas: 
+------+---------------+--------+------+
|      |Instance       |Module  |Cells |
+------+---------------+--------+------+
|1     |top            |        |    50|
|2     |  regfile_comp |regfile |    28|
+------+---------------+--------+------+
---------------------------------------------------------------------------------
Finished Writing Synthesis Report : Time (s): cpu = 00:00:15 ; elapsed = 00:00:46 . Memory (MB): peak = 1836.477 ; gain = 521.195 ; free physical = 10690 ; free virtual = 23409
---------------------------------------------------------------------------------
Synthesis finished with 0 errors, 0 critical warnings and 900 warnings.
Synthesis Optimization Runtime : Time (s): cpu = 00:00:09 ; elapsed = 00:00:17 . Memory (MB): peak = 1836.477 ; gain = 130.445 ; free physical = 10745 ; free virtual = 23463
Synthesis Optimization Complete : Time (s): cpu = 00:00:15 ; elapsed = 00:00:46 . Memory (MB): peak = 1836.477 ; gain = 521.195 ; free physical = 10755 ; free virtual = 23473
INFO: [Project 1-571] Translating synthesized netlist
INFO: [Netlist 29-17] Analyzing 13 Unisim elements for replacement
INFO: [Netlist 29-28] Unisim Transformation completed in 0 CPU seconds
INFO: [Project 1-570] Preparing netlist for logic optimization
Parsing XDC File [/nfs/home/n/n_kawwas/COEN316/lab2/VHDL/regfile.xdc]
Finished Parsing XDC File [/nfs/home/n/n_kawwas/COEN316/lab2/VHDL/regfile.xdc]
INFO: [Opt 31-138] Pushed 0 inverter(s) to 0 load pin(s).
INFO: [Project 1-111] Unisim Transformation Summary:
No Unisim elements were transformed.

INFO: [Common 17-83] Releasing license: Synthesis
155 Infos, 100 Warnings, 0 Critical Warnings and 0 Errors encountered.
synth_design completed successfully
synth_design: Time (s): cpu = 00:00:16 ; elapsed = 00:00:47 . Memory (MB): peak = 1836.477 ; gain = 533.844 ; free physical = 10742 ; free virtual = 23460
# opt_design
Command: opt_design
Attempting to get a license for feature 'Implementation' and/or device 'xc7a100t'
INFO: [Common 17-349] Got license for feature 'Implementation' and/or device 'xc7a100t'
Running DRC as a precondition to command opt_design

Starting DRC Task
INFO: [DRC 23-27] Running DRC with 8 threads
INFO: [Project 1-461] DRC finished with 0 Errors
INFO: [Project 1-462] Please refer to the DRC report (report_drc) for more information.

Time (s): cpu = 00:00:01 ; elapsed = 00:00:02 . Memory (MB): peak = 1844.484 ; gain = 8.008 ; free physical = 10738 ; free virtual = 23456

Starting Cache Timing Information Task
INFO: [Timing 38-35] Done setting XDC timing constraints.
Ending Cache Timing Information Task | Checksum: 183623691

Time (s): cpu = 00:00:05 ; elapsed = 00:00:24 . Memory (MB): peak = 2166.656 ; gain = 322.172 ; free physical = 10372 ; free virtual = 23090

Starting Logic Optimization Task

Phase 1 Retarget
INFO: [Opt 31-138] Pushed 0 inverter(s) to 0 load pin(s).
INFO: [Opt 31-49] Retargeted 0 cell(s).
Phase 1 Retarget | Checksum: 183623691

Time (s): cpu = 00:00:00.01 ; elapsed = 00:00:00.02 . Memory (MB): peak = 2166.656 ; gain = 0.000 ; free physical = 10429 ; free virtual = 23148
INFO: [Opt 31-389] Phase Retarget created 0 cells and removed 0 cells

Phase 2 Constant propagation
INFO: [Opt 31-138] Pushed 0 inverter(s) to 0 load pin(s).
Phase 2 Constant propagation | Checksum: 183623691

Time (s): cpu = 00:00:00.01 ; elapsed = 00:00:00.02 . Memory (MB): peak = 2166.656 ; gain = 0.000 ; free physical = 10429 ; free virtual = 23148
INFO: [Opt 31-389] Phase Constant propagation created 0 cells and removed 0 cells

Phase 3 Sweep
Phase 3 Sweep | Checksum: 183623691

Time (s): cpu = 00:00:00.01 ; elapsed = 00:00:00.02 . Memory (MB): peak = 2166.656 ; gain = 0.000 ; free physical = 10429 ; free virtual = 23148
INFO: [Opt 31-389] Phase Sweep created 0 cells and removed 0 cells

Phase 4 BUFG optimization
Phase 4 BUFG optimization | Checksum: 183623691

Time (s): cpu = 00:00:00.01 ; elapsed = 00:00:00.02 . Memory (MB): peak = 2166.656 ; gain = 0.000 ; free physical = 10429 ; free virtual = 23148
INFO: [Opt 31-662] Phase BUFG optimization created 0 cells of which 0 are BUFGs and removed 0 cells.

Phase 5 Shift Register Optimization
Phase 5 Shift Register Optimization | Checksum: 183623691

Time (s): cpu = 00:00:00.01 ; elapsed = 00:00:00.02 . Memory (MB): peak = 2166.656 ; gain = 0.000 ; free physical = 10429 ; free virtual = 23148
INFO: [Opt 31-389] Phase Shift Register Optimization created 0 cells and removed 0 cells

Phase 6 Post Processing Netlist
Phase 6 Post Processing Netlist | Checksum: 183623691

Time (s): cpu = 00:00:00.01 ; elapsed = 00:00:00.02 . Memory (MB): peak = 2166.656 ; gain = 0.000 ; free physical = 10429 ; free virtual = 23148
INFO: [Opt 31-389] Phase Post Processing Netlist created 0 cells and removed 0 cells

Starting Connectivity Check Task

Time (s): cpu = 00:00:00 ; elapsed = 00:00:00 . Memory (MB): peak = 2166.656 ; gain = 0.000 ; free physical = 10429 ; free virtual = 23148
Ending Logic Optimization Task | Checksum: 183623691

Time (s): cpu = 00:00:00.01 ; elapsed = 00:00:00.03 . Memory (MB): peak = 2166.656 ; gain = 0.000 ; free physical = 10429 ; free virtual = 23148

Starting Power Optimization Task
INFO: [Pwropt 34-132] Skipping clock gating for clocks with a period < 2.00 ns.
Ending Power Optimization Task | Checksum: 183623691

Time (s): cpu = 00:00:00.01 ; elapsed = 00:00:00.02 . Memory (MB): peak = 2166.656 ; gain = 0.000 ; free physical = 10429 ; free virtual = 23148

Starting Final Cleanup Task
Ending Final Cleanup Task | Checksum: 183623691

Time (s): cpu = 00:00:00 ; elapsed = 00:00:00 . Memory (MB): peak = 2166.656 ; gain = 0.000 ; free physical = 10429 ; free virtual = 23148
INFO: [Common 17-83] Releasing license: Implementation
16 Infos, 0 Warnings, 0 Critical Warnings and 0 Errors encountered.
opt_design completed successfully
opt_design: Time (s): cpu = 00:00:06 ; elapsed = 00:00:26 . Memory (MB): peak = 2166.656 ; gain = 330.180 ; free physical = 10429 ; free virtual = 23148
# place_design
Command: place_design
Attempting to get a license for feature 'Implementation' and/or device 'xc7a100t'
INFO: [Common 17-349] Got license for feature 'Implementation' and/or device 'xc7a100t'
INFO: [DRC 23-27] Running DRC with 8 threads
INFO: [Vivado_Tcl 4-198] DRC finished with 0 Errors
INFO: [Vivado_Tcl 4-199] Please refer to the DRC report (report_drc) for more information.
Running DRC as a precondition to command place_design
INFO: [DRC 23-27] Running DRC with 8 threads
INFO: [Vivado_Tcl 4-198] DRC finished with 0 Errors
INFO: [Vivado_Tcl 4-199] Please refer to the DRC report (report_drc) for more information.

Starting Placer Task
INFO: [Place 30-611] Multithreading enabled for place_design using a maximum of 8 CPUs

Phase 1 Placer Initialization

Phase 1.1 Placer Initialization Netlist Sorting
Netlist sorting complete. Time (s): cpu = 00:00:00 ; elapsed = 00:00:00 . Memory (MB): peak = 2230.688 ; gain = 0.000 ; free physical = 10425 ; free virtual = 23143
Phase 1.1 Placer Initialization Netlist Sorting | Checksum: 1100433d1

Time (s): cpu = 00:00:00 ; elapsed = 00:00:00.01 . Memory (MB): peak = 2230.688 ; gain = 0.000 ; free physical = 10425 ; free virtual = 23143
Netlist sorting complete. Time (s): cpu = 00:00:00 ; elapsed = 00:00:00 . Memory (MB): peak = 2230.688 ; gain = 0.000 ; free physical = 10425 ; free virtual = 23143

Phase 1.2 IO Placement/ Clock Placement/ Build Placer Device
INFO: [Timing 38-35] Done setting XDC timing constraints.
WARNING: [Place 30-574] Poor placement for routing between an IO pin and BUFG. This is normally an ERROR but the CLOCK_DEDICATED_ROUTE constraint is set to FALSE allowing your design to continue. The use of this override is highly discouraged as it may lead to very poor timing results. It is recommended that this error condition be corrected in the design.

	clk_IBUF_inst (IBUF.O) is locked to IOB_X0Y85
	clk_IBUF_BUFG_inst (BUFG.I) is provisionally placed by clockplacer on BUFGCTRL_X0Y0
Resolution: Poor placement of an IO pin and a BUFG has resulted in the router using a non-dedicated path between the two.  There are several things that could trigger this DRC, each of which can cause unpredictable clock insertion delays that result in poor timing.  This DRC could be caused by any of the following: (a) a clock port was placed on a pin that is not a CCIO-pin (b)the BUFG has not been placed in the same half of the device or SLR as the CCIO-pin (c) a single ended clock has been placed on the N-Side of a differential pair CCIO-pin.
Phase 1.2 IO Placement/ Clock Placement/ Build Placer Device | Checksum: 11346392f

Time (s): cpu = 00:00:00.86 ; elapsed = 00:00:00.39 . Memory (MB): peak = 2254.699 ; gain = 24.012 ; free physical = 10423 ; free virtual = 23141

Phase 1.3 Build Placer Netlist Model
Phase 1.3 Build Placer Netlist Model | Checksum: 11cfffcda

Time (s): cpu = 00:00:00.90 ; elapsed = 00:00:00.40 . Memory (MB): peak = 2254.699 ; gain = 24.012 ; free physical = 10423 ; free virtual = 23142

Phase 1.4 Constrain Clocks/Macros
Phase 1.4 Constrain Clocks/Macros | Checksum: 11cfffcda

Time (s): cpu = 00:00:00.91 ; elapsed = 00:00:00.40 . Memory (MB): peak = 2254.699 ; gain = 24.012 ; free physical = 10423 ; free virtual = 23142
Phase 1 Placer Initialization | Checksum: 11cfffcda

Time (s): cpu = 00:00:00.91 ; elapsed = 00:00:00.40 . Memory (MB): peak = 2254.699 ; gain = 24.012 ; free physical = 10423 ; free virtual = 23142

Phase 2 Global Placement

Phase 2.1 Floorplanning
Phase 2.1 Floorplanning | Checksum: 11cfffcda

Time (s): cpu = 00:00:00.94 ; elapsed = 00:00:00.42 . Memory (MB): peak = 2254.699 ; gain = 24.012 ; free physical = 10421 ; free virtual = 23140
WARNING: [Place 46-29] place_design is not in timing mode. Skip physical synthesis in placer
Phase 2 Global Placement | Checksum: 1457da865

Time (s): cpu = 00:00:02 ; elapsed = 00:00:00.56 . Memory (MB): peak = 2382.758 ; gain = 152.070 ; free physical = 10405 ; free virtual = 23123

Phase 3 Detail Placement

Phase 3.1 Commit Multi Column Macros
Phase 3.1 Commit Multi Column Macros | Checksum: 1457da865

Time (s): cpu = 00:00:02 ; elapsed = 00:00:00.56 . Memory (MB): peak = 2382.758 ; gain = 152.070 ; free physical = 10405 ; free virtual = 23123

Phase 3.2 Commit Most Macros & LUTRAMs
Phase 3.2 Commit Most Macros & LUTRAMs | Checksum: 1d84ff422

Time (s): cpu = 00:00:02 ; elapsed = 00:00:00.58 . Memory (MB): peak = 2382.758 ; gain = 152.070 ; free physical = 10405 ; free virtual = 23124

Phase 3.3 Area Swap Optimization
Phase 3.3 Area Swap Optimization | Checksum: 1f059b26b

Time (s): cpu = 00:00:02 ; elapsed = 00:00:00.58 . Memory (MB): peak = 2382.758 ; gain = 152.070 ; free physical = 10405 ; free virtual = 23123

Phase 3.4 Pipeline Register Optimization
Phase 3.4 Pipeline Register Optimization | Checksum: 1f059b26b

Time (s): cpu = 00:00:02 ; elapsed = 00:00:00.58 . Memory (MB): peak = 2382.758 ; gain = 152.070 ; free physical = 10405 ; free virtual = 23123

Phase 3.5 Small Shape Detail Placement
Phase 3.5 Small Shape Detail Placement | Checksum: 17f9dfdb3

Time (s): cpu = 00:00:02 ; elapsed = 00:00:00.68 . Memory (MB): peak = 2382.758 ; gain = 152.070 ; free physical = 10401 ; free virtual = 23119

Phase 3.6 Re-assign LUT pins
Phase 3.6 Re-assign LUT pins | Checksum: 17f9dfdb3

Time (s): cpu = 00:00:02 ; elapsed = 00:00:00.68 . Memory (MB): peak = 2382.758 ; gain = 152.070 ; free physical = 10401 ; free virtual = 23119

Phase 3.7 Pipeline Register Optimization
Phase 3.7 Pipeline Register Optimization | Checksum: 17f9dfdb3

Time (s): cpu = 00:00:02 ; elapsed = 00:00:00.68 . Memory (MB): peak = 2382.758 ; gain = 152.070 ; free physical = 10401 ; free virtual = 23119
Phase 3 Detail Placement | Checksum: 17f9dfdb3

Time (s): cpu = 00:00:02 ; elapsed = 00:00:00.68 . Memory (MB): peak = 2382.758 ; gain = 152.070 ; free physical = 10401 ; free virtual = 23119

Phase 4 Post Placement Optimization and Clean-Up

Phase 4.1 Post Commit Optimization
Phase 4.1 Post Commit Optimization | Checksum: 17f9dfdb3

Time (s): cpu = 00:00:02 ; elapsed = 00:00:00.68 . Memory (MB): peak = 2382.758 ; gain = 152.070 ; free physical = 10401 ; free virtual = 23120

Phase 4.2 Post Placement Cleanup
Phase 4.2 Post Placement Cleanup | Checksum: 17f9dfdb3

Time (s): cpu = 00:00:02 ; elapsed = 00:00:00.69 . Memory (MB): peak = 2382.758 ; gain = 152.070 ; free physical = 10401 ; free virtual = 23120

Phase 4.3 Placer Reporting
Phase 4.3 Placer Reporting | Checksum: 17f9dfdb3

Time (s): cpu = 00:00:02 ; elapsed = 00:00:00.69 . Memory (MB): peak = 2382.758 ; gain = 152.070 ; free physical = 10401 ; free virtual = 23120

Phase 4.4 Final Placement Cleanup
Phase 4.4 Final Placement Cleanup | Checksum: 17f9dfdb3

Time (s): cpu = 00:00:02 ; elapsed = 00:00:00.69 . Memory (MB): peak = 2382.758 ; gain = 152.070 ; free physical = 10401 ; free virtual = 23120
Phase 4 Post Placement Optimization and Clean-Up | Checksum: 17f9dfdb3

Time (s): cpu = 00:00:02 ; elapsed = 00:00:00.69 . Memory (MB): peak = 2382.758 ; gain = 152.070 ; free physical = 10401 ; free virtual = 23120
Ending Placer Task | Checksum: f7be189a

Time (s): cpu = 00:00:02 ; elapsed = 00:00:00.69 . Memory (MB): peak = 2382.758 ; gain = 152.070 ; free physical = 10418 ; free virtual = 23136
INFO: [Common 17-83] Releasing license: Implementation
10 Infos, 2 Warnings, 0 Critical Warnings and 0 Errors encountered.
place_design completed successfully
# route_design
Command: route_design
Attempting to get a license for feature 'Implementation' and/or device 'xc7a100t'
INFO: [Common 17-349] Got license for feature 'Implementation' and/or device 'xc7a100t'
Running DRC as a precondition to command route_design
INFO: [DRC 23-27] Running DRC with 8 threads
WARNING: [DRC PLCK-12] Clock Placer Checks: Poor placement for routing between an IO pin and BUFG. 
Resolution: Poor placement of an IO pin and a BUFG has resulted in the router using a non-dedicated path between the two.  There are several things that could trigger this DRC, each of which can cause unpredictable clock insertion delays that result in poor timing.  This DRC could be caused by any of the following: (a) a clock port was placed on a pin that is not a CCIO-pin (b)the BUFG has not been placed in the same half of the device or SLR as the CCIO-pin (c) a single ended clock has been placed on the N-Side of a differential pair CCIO-pin.
 This is normally an ERROR but the CLOCK_DEDICATED_ROUTE constraint is set to FALSE allowing your design to continue. The use of this override is highly discouraged as it may lead to very poor timing results. It is recommended that this error condition be corrected in the design.

	clk_IBUF_inst (IBUF.O) is locked to IOB_X0Y85
	clk_IBUF_BUFG_inst (BUFG.I) is provisionally placed by clockplacer on BUFGCTRL_X0Y0
INFO: [Vivado_Tcl 4-198] DRC finished with 0 Errors, 1 Warnings
INFO: [Vivado_Tcl 4-199] Please refer to the DRC report (report_drc) for more information.


Starting Routing Task
INFO: [Route 35-254] Multithreading enabled for route_design using a maximum of 8 CPUs
Checksum: PlaceDB: d01e70f1 ConstDB: 0 ShapeSum: 279fa7a9 RouteDB: 0

Phase 1 Build RT Design
Phase 1 Build RT Design | Checksum: ee753d1d

Time (s): cpu = 00:00:15 ; elapsed = 00:00:13 . Memory (MB): peak = 2393.383 ; gain = 10.625 ; free physical = 10271 ; free virtual = 22989
Post Restoration Checksum: NetGraph: cff67441 NumContArr: 1e7ec8dc Constraints: 0 Timing: 0

Phase 2 Router Initialization
INFO: [Route 35-64] No timing constraints were detected. The router will operate in resource-optimization mode.

Phase 2.1 Fix Topology Constraints
Phase 2.1 Fix Topology Constraints | Checksum: ee753d1d

Time (s): cpu = 00:00:16 ; elapsed = 00:00:13 . Memory (MB): peak = 2398.371 ; gain = 15.613 ; free physical = 10240 ; free virtual = 22958

Phase 2.2 Pre Route Cleanup
Phase 2.2 Pre Route Cleanup | Checksum: ee753d1d

Time (s): cpu = 00:00:16 ; elapsed = 00:00:13 . Memory (MB): peak = 2398.371 ; gain = 15.613 ; free physical = 10240 ; free virtual = 22958
 Number of Nodes with overlaps = 0
Phase 2 Router Initialization | Checksum: 7aaf4317

Time (s): cpu = 00:00:16 ; elapsed = 00:00:13 . Memory (MB): peak = 2407.637 ; gain = 24.879 ; free physical = 10231 ; free virtual = 22950

Phase 3 Initial Routing
Phase 3 Initial Routing | Checksum: 17f73bcb5

Time (s): cpu = 00:00:16 ; elapsed = 00:00:13 . Memory (MB): peak = 2407.637 ; gain = 24.879 ; free physical = 10231 ; free virtual = 22949

Phase 4 Rip-up And Reroute

Phase 4.1 Global Iteration 0
 Number of Nodes with overlaps = 2
 Number of Nodes with overlaps = 1
 Number of Nodes with overlaps = 0
Phase 4.1 Global Iteration 0 | Checksum: 4580ded4

Time (s): cpu = 00:00:17 ; elapsed = 00:00:13 . Memory (MB): peak = 2407.637 ; gain = 24.879 ; free physical = 10231 ; free virtual = 22949
Phase 4 Rip-up And Reroute | Checksum: 4580ded4

Time (s): cpu = 00:00:17 ; elapsed = 00:00:13 . Memory (MB): peak = 2407.637 ; gain = 24.879 ; free physical = 10231 ; free virtual = 22949

Phase 5 Delay and Skew Optimization
Phase 5 Delay and Skew Optimization | Checksum: 4580ded4

Time (s): cpu = 00:00:17 ; elapsed = 00:00:13 . Memory (MB): peak = 2407.637 ; gain = 24.879 ; free physical = 10231 ; free virtual = 22949

Phase 6 Post Hold Fix

Phase 6.1 Hold Fix Iter
Phase 6.1 Hold Fix Iter | Checksum: 4580ded4

Time (s): cpu = 00:00:17 ; elapsed = 00:00:13 . Memory (MB): peak = 2407.637 ; gain = 24.879 ; free physical = 10231 ; free virtual = 22949
Phase 6 Post Hold Fix | Checksum: 4580ded4

Time (s): cpu = 00:00:17 ; elapsed = 00:00:13 . Memory (MB): peak = 2407.637 ; gain = 24.879 ; free physical = 10231 ; free virtual = 22949

Phase 7 Route finalize

Router Utilization Summary
  Global Vertical Routing Utilization    = 0.0166688 %
  Global Horizontal Routing Utilization  = 0.016482 %
  Routable Net Status*
  *Does not include unroutable nets such as driverless and loadless.
  Run report_route_status for detailed report.
  Number of Failed Nets               = 0
  Number of Unrouted Nets             = 0
  Number of Partially Routed Nets     = 0
  Number of Node Overlaps             = 0

Congestion Report
North Dir 1x1 Area, Max Cong = 14.4144%, No Congested Regions.
South Dir 1x1 Area, Max Cong = 27.027%, No Congested Regions.
East Dir 1x1 Area, Max Cong = 5.88235%, No Congested Regions.
West Dir 1x1 Area, Max Cong = 11.7647%, No Congested Regions.

------------------------------
Reporting congestion hotspots
------------------------------
Direction: North
----------------
Congested clusters found at Level 0
Effective congestion level: 0 Aspect Ratio: 1 Sparse Ratio: 0
Direction: South
----------------
Congested clusters found at Level 0
Effective congestion level: 0 Aspect Ratio: 1 Sparse Ratio: 0
Direction: East
----------------
Congested clusters found at Level 0
Effective congestion level: 0 Aspect Ratio: 1 Sparse Ratio: 0
Direction: West
----------------
Congested clusters found at Level 0
Effective congestion level: 0 Aspect Ratio: 1 Sparse Ratio: 0

Phase 7 Route finalize | Checksum: 4580ded4

Time (s): cpu = 00:00:17 ; elapsed = 00:00:13 . Memory (MB): peak = 2407.637 ; gain = 24.879 ; free physical = 10231 ; free virtual = 22949

Phase 8 Verifying routed nets

 Verification completed successfully
Phase 8 Verifying routed nets | Checksum: 4580ded4

Time (s): cpu = 00:00:17 ; elapsed = 00:00:13 . Memory (MB): peak = 2409.637 ; gain = 26.879 ; free physical = 10230 ; free virtual = 22948

Phase 9 Depositing Routes
Phase 9 Depositing Routes | Checksum: f0c5002a

Time (s): cpu = 00:00:17 ; elapsed = 00:00:13 . Memory (MB): peak = 2409.637 ; gain = 26.879 ; free physical = 10230 ; free virtual = 22948
INFO: [Route 35-16] Router Completed Successfully

Time (s): cpu = 00:00:17 ; elapsed = 00:00:13 . Memory (MB): peak = 2409.637 ; gain = 26.879 ; free physical = 10267 ; free virtual = 22985

Routing Is Done.
INFO: [Common 17-83] Releasing license: Implementation
8 Infos, 1 Warnings, 0 Critical Warnings and 0 Errors encountered.
route_design completed successfully
route_design: Time (s): cpu = 00:00:18 ; elapsed = 00:00:15 . Memory (MB): peak = 2409.641 ; gain = 26.883 ; free physical = 10267 ; free virtual = 22985
# report_timing_summary
INFO: [Timing 38-91] UpdateTimingParams: Speed grade: -1, Delay Type: min_max.
INFO: [Timing 38-191] Multithreading enabled for timing update using a maximum of 8 CPUs
Copyright 1986-2018 Xilinx, Inc. All Rights Reserved.
--------------------------------------------------------------------------------------------------
| Tool Version : Vivado v.2018.2 (lin64) Build 2258646 Thu Jun 14 20:02:38 MDT 2018
| Date         : Tue Oct 26 15:44:40 2021
| Host         : climber.encs.concordia.ca running 64-bit Scientific Linux release 7.7 (Nitrogen)
| Command      : report_timing_summary
| Design       : regfile_board
| Device       : 7a100t-csg324
| Speed File   : -1  PRODUCTION 1.22 2018-03-21
--------------------------------------------------------------------------------------------------

Timing Summary Report

------------------------------------------------------------------------------------------------
| Timer Settings
| --------------
------------------------------------------------------------------------------------------------

  Enable Multi Corner Analysis               :  Yes
  Enable Pessimism Removal                   :  Yes
  Pessimism Removal Resolution               :  Nearest Common Node
  Enable Input Delay Default Clock           :  No
  Enable Preset / Clear Arcs                 :  No
  Disable Flight Delays                      :  No
  Ignore I/O Paths                           :  No
  Timing Early Launch at Borrowing Latches   :  false

  Corner  Analyze    Analyze    
  Name    Max Paths  Min Paths  
  ------  ---------  ---------  
  Slow    Yes        Yes        
  Fast    Yes        Yes        



check_timing report

Table of Contents
-----------------
1. checking no_clock
2. checking constant_clock
3. checking pulse_width_clock
4. checking unconstrained_internal_endpoints
5. checking no_input_delay
6. checking no_output_delay
7. checking multiple_clock
8. checking generated_clocks
9. checking loops
10. checking partial_input_delay
11. checking partial_output_delay
12. checking latch_loops

1. checking no_clock
--------------------
 There are 16 register/latch pins with no clock driven by root clock pin: clk (HIGH)


2. checking constant_clock
--------------------------
 There are 0 register/latch pins with constant_clock.


3. checking pulse_width_clock
-----------------------------
 There are 0 register/latch pins which need pulse_width check


4. checking unconstrained_internal_endpoints
--------------------------------------------
 There are 48 pins that are not constrained for maximum delay. (HIGH)

 There are 0 pins that are not constrained for maximum delay due to constant clock.


5. checking no_input_delay
--------------------------
 There are 8 input ports with no input delay specified. (HIGH)

 There are 0 input ports with no input delay but user has a false path constraint.


6. checking no_output_delay
---------------------------
 There are 8 ports with no output delay specified. (HIGH)

 There are 0 ports with no output delay but user has a false path constraint

 There are 0 ports with no output delay but with a timing clock defined on it or propagating through it


7. checking multiple_clock
--------------------------
 There are 0 register/latch pins with multiple clocks.


8. checking generated_clocks
----------------------------
 There are 0 generated clocks that are not connected to a clock source.


9. checking loops
-----------------
 There are 0 combinational loops in the design.


10. checking partial_input_delay
--------------------------------
 There are 0 input ports with partial input delay specified.


11. checking partial_output_delay
---------------------------------
 There are 0 ports with partial output delay specified.


12. checking latch_loops
------------------------
 There are 0 combinational latch loops in the design through latch input



------------------------------------------------------------------------------------------------
| Design Timing Summary
| ---------------------
------------------------------------------------------------------------------------------------

    WNS(ns)      TNS(ns)  TNS Failing Endpoints  TNS Total Endpoints      WHS(ns)      THS(ns)  THS Failing Endpoints  THS Total Endpoints     WPWS(ns)     TPWS(ns)  TPWS Failing Endpoints  TPWS Total Endpoints  
    -------      -------  ---------------------  -------------------      -------      -------  ---------------------  -------------------     --------     --------  ----------------------  --------------------  
         NA           NA                     NA                   NA           NA           NA                     NA                   NA           NA           NA                      NA                    NA  


There are no user specified timing constraints.


------------------------------------------------------------------------------------------------
| Clock Summary
| -------------
------------------------------------------------------------------------------------------------


------------------------------------------------------------------------------------------------
| Intra Clock Table
| -----------------
------------------------------------------------------------------------------------------------

Clock             WNS(ns)      TNS(ns)  TNS Failing Endpoints  TNS Total Endpoints      WHS(ns)      THS(ns)  THS Failing Endpoints  THS Total Endpoints     WPWS(ns)     TPWS(ns)  TPWS Failing Endpoints  TPWS Total Endpoints  
-----             -------      -------  ---------------------  -------------------      -------      -------  ---------------------  -------------------     --------     --------  ----------------------  --------------------  


------------------------------------------------------------------------------------------------
| Inter Clock Table
| -----------------
------------------------------------------------------------------------------------------------

From Clock    To Clock          WNS(ns)      TNS(ns)  TNS Failing Endpoints  TNS Total Endpoints      WHS(ns)      THS(ns)  THS Failing Endpoints  THS Total Endpoints  
----------    --------          -------      -------  ---------------------  -------------------      -------      -------  ---------------------  -------------------  


------------------------------------------------------------------------------------------------
| Other Path Groups Table
| -----------------------
------------------------------------------------------------------------------------------------

Path Group    From Clock    To Clock          WNS(ns)      TNS(ns)  TNS Failing Endpoints  TNS Total Endpoints      WHS(ns)      THS(ns)  THS Failing Endpoints  THS Total Endpoints  
----------    ----------    --------          -------      -------  ---------------------  -------------------      -------      -------  ---------------------  -------------------  


------------------------------------------------------------------------------------------------
| Timing Details
| --------------
------------------------------------------------------------------------------------------------


# write_bitstream -force regfile.bit 
Command: write_bitstream -force regfile.bit
Attempting to get a license for feature 'Implementation' and/or device 'xc7a100t'
INFO: [Common 17-349] Got license for feature 'Implementation' and/or device 'xc7a100t'
Running DRC as a precondition to command write_bitstream
INFO: [IP_Flow 19-234] Refreshing IP repositories
INFO: [IP_Flow 19-1704] No user IP repositories specified
INFO: [IP_Flow 19-2313] Loaded Vivado IP repository '/CMC/tools/xilinx/Vivado_2018.2/Vivado/2018.2/data/ip'.
INFO: [DRC 23-27] Running DRC with 8 threads
WARNING: [DRC CFGBVS-1] Missing CFGBVS and CONFIG_VOLTAGE Design Properties: Neither the CFGBVS nor CONFIG_VOLTAGE voltage property is set in the current_design.  Configuration bank voltage select (CFGBVS) must be set to VCCO or GND, and CONFIG_VOLTAGE must be set to the correct configuration voltage, in order to determine the I/O voltage support for the pins in bank 0.  It is suggested to specify these either using the 'Edit Device Properties' function in the GUI or directly in the XDC file using the following syntax:

 set_property CFGBVS value1 [current_design]
 #where value1 is either VCCO or GND

 set_property CONFIG_VOLTAGE value2 [current_design]
 #where value2 is the voltage provided to configuration bank 0

Refer to the device configuration user guide for more information.
INFO: [Vivado 12-3199] DRC finished with 0 Errors, 1 Warnings
INFO: [Vivado 12-3200] Please refer to the DRC report (report_drc) for more information.
INFO: [Designutils 20-2272] Running write_bitstream with 8 threads.
Loading data files...
Loading site data...
Loading route data...
Processing options...
Creating bitmap...
Creating bitstream...
Writing bitstream ./regfile.bit...
INFO: [Vivado 12-1842] Bitgen Completed Successfully.
INFO: [Common 17-83] Releasing license: Implementation
10 Infos, 1 Warnings, 0 Critical Warnings and 0 Errors encountered.
write_bitstream completed successfully
write_bitstream: Time (s): cpu = 00:00:08 ; elapsed = 00:00:12 . Memory (MB): peak = 2759.461 ; gain = 349.820 ; free physical = 10223 ; free virtual = 22949
INFO: [Common 17-206] Exiting Vivado at Tue Oct 26 15:44:52 2021...
