#-----------------------------------------------------------
# Vivado v2018.2 (64-bit)
# SW Build 2258646 on Thu Jun 14 20:02:38 MDT 2018
# IP Build 2256618 on Thu Jun 14 22:10:49 MDT 2018
# Start of session at: Wed Oct 27 15:34:03 2021
# Process ID: 36398
# Current directory: /nfs/home/n/n_kawwas/COEN316/lab2/VHDL
# Command line: vivado
# Log file: /nfs/home/n/n_kawwas/COEN316/lab2/VHDL/vivado.log
# Journal file: /nfs/home/n/n_kawwas/COEN316/lab2/VHDL/vivado.jou
#-----------------------------------------------------------
start_gui
open_project /nfs/home/n/n_kawwas/COEN316/lab2/VHDL/project_1/project_1.xpr
Scanning sources...
Finished scanning sources
INFO: [IP_Flow 19-234] Refreshing IP repositories
INFO: [IP_Flow 19-1704] No user IP repositories specified
INFO: [IP_Flow 19-2313] Loaded Vivado IP repository '/CMC/tools/xilinx/Vivado_2018.2/Vivado/2018.2/data/ip'.
open_project: Time (s): cpu = 00:00:18 ; elapsed = 00:00:12 . Memory (MB): peak = 6434.770 ; gain = 139.680 ; free physical = 120639 ; free virtual = 156317
update_compile_order -fileset sources_1
exit
INFO: [Common 17-206] Exiting Vivado at Wed Oct 27 15:35:15 2021...
