#-----------------------------------------------------------
# Vivado v2018.2 (64-bit)
# SW Build 2258646 on Thu Jun 14 20:02:38 MDT 2018
# IP Build 2256618 on Thu Jun 14 22:10:49 MDT 2018
# Start of session at: Wed Oct 27 20:47:56 2021
# Process ID: 35468
# Current directory: /nfs/home/n/n_kawwas/COEN316/lab2/VHDL
# Command line: vivado
# Log file: /nfs/home/n/n_kawwas/COEN316/lab2/VHDL/vivado.log
# Journal file: /nfs/home/n/n_kawwas/COEN316/lab2/VHDL/vivado.jou
#-----------------------------------------------------------
start_gui
open_project /nfs/home/n/n_kawwas/COEN316/lab2/VHDL/project_1/project_1.xpr
Scanning sources...
Finished scanning sources
INFO: [IP_Flow 19-234] Refreshing IP repositories
INFO: [IP_Flow 19-1704] No user IP repositories specified
INFO: [IP_Flow 19-2313] Loaded Vivado IP repository '/CMC/tools/xilinx/Vivado_2018.2/Vivado/2018.2/data/ip'.
open_project: Time (s): cpu = 00:00:17 ; elapsed = 00:00:12 . Memory (MB): peak = 6427.125 ; gain = 140.672 ; free physical = 122399 ; free virtual = 157778
update_compile_order -fileset sources_1
reset_run synth_1
launch_runs synth_1 -jobs 6
[Wed Oct 27 20:50:38 2021] Launched synth_1...
Run output will be captured here: /nfs/home/n/n_kawwas/COEN316/lab2/VHDL/project_1/project_1.runs/synth_1/runme.log
launch_runs impl_1 -jobs 6
[Wed Oct 27 21:21:40 2021] Launched impl_1...
Run output will be captured here: /nfs/home/n/n_kawwas/COEN316/lab2/VHDL/project_1/project_1.runs/impl_1/runme.log
launch_runs impl_1 -to_step write_bitstream -jobs 6
[Wed Oct 27 21:40:19 2021] Launched impl_1...
Run output will be captured here: /nfs/home/n/n_kawwas/COEN316/lab2/VHDL/project_1/project_1.runs/impl_1/runme.log
launch_runs: Time (s): cpu = 00:00:00.87 ; elapsed = 00:00:46 . Memory (MB): peak = 6451.133 ; gain = 0.000 ; free physical = 121894 ; free virtual = 157359
exit
INFO: [Common 17-206] Exiting Vivado at Wed Oct 27 21:47:13 2021...
